<?xml version="1.0" encoding="UTF-8"?>
<coverage generated="1658192763392" clover="3.2.0">
  <project timestamp="1658192763393" name="All files">
    <metrics statements="232" coveredstatements="189" conditionals="54" coveredconditionals="40" methods="62" coveredmethods="50" elements="348" coveredelements="279" complexity="0" loc="232" ncloc="232" packages="4" files="17" classes="17"/>
    <package name="src">
      <metrics statements="1" coveredstatements="1" conditionals="0" coveredconditionals="0" methods="1" coveredmethods="1"/>
      <file name="App.js" path="/home/lucas/trybe/projetosDaTrybe/sd-021-a-project-recipes-app/src/App.js">
        <metrics statements="1" coveredstatements="1" conditionals="0" coveredconditionals="0" methods="1" coveredmethods="1"/>
        <line num="7" count="14" type="stmt"/>
      </file>
    </package>
    <package name="src.components">
      <metrics statements="82" coveredstatements="67" conditionals="18" coveredconditionals="10" methods="29" coveredmethods="24"/>
      <file name="Footer.jsx" path="/home/lucas/trybe/projetosDaTrybe/sd-021-a-project-recipes-app/src/components/Footer.jsx">
        <metrics statements="1" coveredstatements="1" conditionals="0" coveredconditionals="0" methods="1" coveredmethods="1"/>
        <line num="9" count="73" type="stmt"/>
      </file>
      <file name="Header.jsx" path="/home/lucas/trybe/projetosDaTrybe/sd-021-a-project-recipes-app/src/components/Header.jsx">
        <metrics statements="4" coveredstatements="4" conditionals="6" coveredconditionals="6" methods="2" coveredmethods="2"/>
        <line num="12" count="79" type="stmt"/>
        <line num="13" count="79" type="cond" truecount="2" falsecount="0"/>
        <line num="14" count="79" type="stmt"/>
        <line num="36" count="4" type="stmt"/>
      </file>
      <file name="Recipes.jsx" path="/home/lucas/trybe/projetosDaTrybe/sd-021-a-project-recipes-app/src/components/Recipes.jsx">
        <metrics statements="70" coveredstatements="55" conditionals="12" coveredconditionals="4" methods="21" coveredmethods="16"/>
        <line num="21" count="70" type="stmt"/>
        <line num="22" count="70" type="stmt"/>
        <line num="23" count="70" type="stmt"/>
        <line num="25" count="70" type="stmt"/>
        <line num="26" count="9" type="stmt"/>
        <line num="27" count="9" type="stmt"/>
        <line num="28" count="2" type="stmt"/>
        <line num="29" count="2" type="stmt"/>
        <line num="30" count="50" type="stmt"/>
        <line num="31" count="2" type="stmt"/>
        <line num="34" count="70" type="stmt"/>
        <line num="35" count="3" type="stmt"/>
        <line num="36" count="3" type="stmt"/>
        <line num="37" count="3" type="stmt"/>
        <line num="38" count="3" type="stmt"/>
        <line num="39" count="75" type="stmt"/>
        <line num="40" count="3" type="stmt"/>
        <line num="43" count="70" type="stmt"/>
        <line num="44" count="9" type="stmt"/>
        <line num="45" count="9" type="stmt"/>
        <line num="46" count="2" type="stmt"/>
        <line num="47" count="28" type="stmt"/>
        <line num="48" count="2" type="stmt"/>
        <line num="51" count="70" type="stmt"/>
        <line num="52" count="3" type="stmt"/>
        <line num="53" count="3" type="stmt"/>
        <line num="54" count="3" type="stmt"/>
        <line num="55" count="33" type="stmt"/>
        <line num="56" count="3" type="stmt"/>
        <line num="59" count="70" type="stmt"/>
        <line num="60" count="12" type="cond" truecount="2" falsecount="0"/>
        <line num="61" count="9" type="stmt"/>
        <line num="62" count="9" type="stmt"/>
        <line num="63" count="9" type="stmt"/>
        <line num="64" count="9" type="stmt"/>
        <line num="66" count="12" type="cond" truecount="2" falsecount="0"/>
        <line num="67" count="3" type="stmt"/>
        <line num="68" count="3" type="stmt"/>
        <line num="69" count="3" type="stmt"/>
        <line num="70" count="3" type="stmt"/>
        <line num="74" count="70" type="stmt"/>
        <line num="75" count="0" type="cond" truecount="0" falsecount="2"/>
        <line num="76" count="0" type="stmt"/>
        <line num="78" count="0" type="cond" truecount="0" falsecount="2"/>
        <line num="79" count="0" type="stmt"/>
        <line num="83" count="70" type="stmt"/>
        <line num="84" count="1" type="stmt"/>
        <line num="85" count="1" type="stmt"/>
        <line num="86" count="1" type="stmt"/>
        <line num="87" count="1" type="stmt"/>
        <line num="88" count="0" type="stmt"/>
        <line num="89" count="0" type="cond" truecount="0" falsecount="2"/>
        <line num="90" count="0" type="stmt"/>
        <line num="92" count="0" type="stmt"/>
        <line num="93" count="0" type="stmt"/>
        <line num="97" count="70" type="stmt"/>
        <line num="98" count="1" type="stmt"/>
        <line num="99" count="1" type="stmt"/>
        <line num="100" count="1" type="stmt"/>
        <line num="101" count="0" type="stmt"/>
        <line num="102" count="0" type="stmt"/>
        <line num="103" count="0" type="cond" truecount="0" falsecount="2"/>
        <line num="104" count="0" type="stmt"/>
        <line num="106" count="0" type="stmt"/>
        <line num="107" count="0" type="stmt"/>
        <line num="111" count="70" type="stmt"/>
        <line num="115" count="25" type="stmt"/>
        <line num="126" count="40" type="stmt"/>
        <line num="147" count="12" type="stmt"/>
        <line num="159" count="60" type="stmt"/>
      </file>
      <file name="SearchBar.jsx" path="/home/lucas/trybe/projetosDaTrybe/sd-021-a-project-recipes-app/src/components/SearchBar.jsx">
        <metrics statements="7" coveredstatements="7" conditionals="0" coveredconditionals="0" methods="5" coveredmethods="5"/>
        <line num="7" count="48" type="stmt"/>
        <line num="8" count="48" type="stmt"/>
        <line num="9" count="20" type="stmt"/>
        <line num="12" count="48" type="stmt"/>
        <line num="22" count="2" type="stmt"/>
        <line num="32" count="3" type="stmt"/>
        <line num="42" count="1" type="stmt"/>
      </file>
    </package>
    <package name="src.context">
      <metrics statements="92" coveredstatements="72" conditionals="32" coveredconditionals="26" methods="13" coveredmethods="10"/>
      <file name="Provider.js" path="/home/lucas/trybe/projetosDaTrybe/sd-021-a-project-recipes-app/src/context/Provider.js">
        <metrics statements="91" coveredstatements="71" conditionals="32" coveredconditionals="26" methods="13" coveredmethods="10"/>
        <line num="7" count="98" type="stmt"/>
        <line num="8" count="98" type="stmt"/>
        <line num="9" count="98" type="stmt"/>
        <line num="13" count="98" type="stmt"/>
        <line num="14" count="98" type="stmt"/>
        <line num="15" count="98" type="stmt"/>
        <line num="16" count="98" type="stmt"/>
        <line num="17" count="98" type="stmt"/>
        <line num="18" count="98" type="stmt"/>
        <line num="19" count="98" type="stmt"/>
        <line num="20" count="98" type="stmt"/>
        <line num="21" count="98" type="stmt"/>
        <line num="22" count="98" type="stmt"/>
        <line num="23" count="98" type="stmt"/>
        <line num="24" count="98" type="stmt"/>
        <line num="25" count="98" type="stmt"/>
        <line num="26" count="98" type="stmt"/>
        <line num="28" count="98" type="stmt"/>
        <line num="29" count="27" type="stmt"/>
        <line num="30" count="27" type="stmt"/>
        <line num="31" count="27" type="stmt"/>
        <line num="32" count="27" type="cond" truecount="4" falsecount="0"/>
        <line num="33" count="1" type="stmt"/>
        <line num="35" count="26" type="stmt"/>
        <line num="38" count="98" type="stmt"/>
        <line num="39" count="12" type="stmt"/>
        <line num="40" count="12" type="cond" truecount="2" falsecount="0"/>
        <line num="41" count="1" type="stmt"/>
        <line num="42" count="1" type="stmt"/>
        <line num="43" count="0" type="stmt"/>
        <line num="44" count="0" type="stmt"/>
        <line num="45" count="0" type="stmt"/>
        <line num="48" count="0" type="stmt"/>
        <line num="50" count="11" type="stmt"/>
        <line num="51" count="11" type="cond" truecount="2" falsecount="0"/>
        <line num="52" count="2" type="stmt"/>
        <line num="53" count="2" type="stmt"/>
        <line num="54" count="1" type="stmt"/>
        <line num="55" count="1" type="stmt"/>
        <line num="56" count="1" type="stmt"/>
        <line num="59" count="0" type="stmt"/>
        <line num="61" count="10" type="stmt"/>
        <line num="62" count="10" type="cond" truecount="4" falsecount="0"/>
        <line num="63" count="1" type="stmt"/>
        <line num="64" count="1" type="stmt"/>
        <line num="65" count="0" type="stmt"/>
        <line num="66" count="0" type="stmt"/>
        <line num="67" count="0" type="stmt"/>
        <line num="70" count="0" type="stmt"/>
        <line num="73" count="9" type="cond" truecount="2" falsecount="2"/>
        <line num="74" count="0" type="stmt"/>
        <line num="76" count="9" type="stmt"/>
        <line num="79" count="98" type="stmt"/>
        <line num="80" count="5" type="stmt"/>
        <line num="81" count="5" type="cond" truecount="2" falsecount="0"/>
        <line num="82" count="1" type="stmt"/>
        <line num="83" count="1" type="stmt"/>
        <line num="84" count="1" type="stmt"/>
        <line num="85" count="0" type="stmt"/>
        <line num="86" count="0" type="stmt"/>
        <line num="89" count="1" type="stmt"/>
        <line num="91" count="5" type="stmt"/>
        <line num="92" count="5" type="cond" truecount="2" falsecount="0"/>
        <line num="93" count="1" type="stmt"/>
        <line num="94" count="1" type="stmt"/>
        <line num="95" count="1" type="stmt"/>
        <line num="96" count="1" type="stmt"/>
        <line num="97" count="1" type="stmt"/>
        <line num="100" count="0" type="stmt"/>
        <line num="102" count="5" type="stmt"/>
        <line num="103" count="5" type="cond" truecount="2" falsecount="2"/>
        <line num="104" count="0" type="stmt"/>
        <line num="105" count="0" type="stmt"/>
        <line num="106" count="0" type="stmt"/>
        <line num="107" count="0" type="stmt"/>
        <line num="108" count="0" type="stmt"/>
        <line num="111" count="0" type="stmt"/>
        <line num="113" count="5" type="cond" truecount="2" falsecount="2"/>
        <line num="114" count="0" type="stmt"/>
        <line num="116" count="5" type="stmt"/>
        <line num="119" count="98" type="stmt"/>
        <line num="120" count="22" type="cond" truecount="2" falsecount="0"/>
        <line num="121" count="12" type="stmt"/>
        <line num="125" count="98" type="stmt"/>
        <line num="126" count="22" type="cond" truecount="2" falsecount="0"/>
        <line num="127" count="5" type="stmt"/>
        <line num="131" count="98" type="stmt"/>
        <line num="132" count="6" type="stmt"/>
        <line num="135" count="98" type="stmt"/>
        <line num="164" count="98" type="stmt"/>
        <line num="171" count="4" type="stmt"/>
      </file>
      <file name="context.js" path="/home/lucas/trybe/projetosDaTrybe/sd-021-a-project-recipes-app/src/context/context.js">
        <metrics statements="1" coveredstatements="1" conditionals="0" coveredconditionals="0" methods="0" coveredmethods="0"/>
        <line num="3" count="4" type="stmt"/>
      </file>
    </package>
    <package name="src.pages">
      <metrics statements="57" coveredstatements="49" conditionals="4" coveredconditionals="4" methods="19" coveredmethods="15"/>
      <file name="DoneRecipes.jsx" path="/home/lucas/trybe/projetosDaTrybe/sd-021-a-project-recipes-app/src/pages/DoneRecipes.jsx">
        <metrics statements="3" coveredstatements="0" conditionals="0" coveredconditionals="0" methods="1" coveredmethods="0"/>
        <line num="7" count="0" type="stmt"/>
        <line num="8" count="0" type="stmt"/>
        <line num="9" count="0" type="stmt"/>
      </file>
      <file name="Drinks.jsx" path="/home/lucas/trybe/projetosDaTrybe/sd-021-a-project-recipes-app/src/pages/Drinks.jsx">
        <metrics statements="9" coveredstatements="9" conditionals="2" coveredconditionals="2" methods="3" coveredmethods="3"/>
        <line num="11" count="28" type="stmt"/>
        <line num="12" count="28" type="stmt"/>
        <line num="13" count="28" type="stmt"/>
        <line num="14" count="28" type="stmt"/>
        <line num="16" count="28" type="stmt"/>
        <line num="17" count="4" type="cond" truecount="2" falsecount="0"/>
        <line num="18" count="1" type="stmt"/>
        <line num="22" count="28" type="stmt"/>
        <line num="27" count="1" type="stmt"/>
      </file>
      <file name="DrinksId.jsx" path="/home/lucas/trybe/projetosDaTrybe/sd-021-a-project-recipes-app/src/pages/DrinksId.jsx">
        <metrics statements="10" coveredstatements="10" conditionals="0" coveredconditionals="0" methods="3" coveredmethods="3"/>
        <line num="8" count="1" type="stmt"/>
        <line num="9" count="1" type="stmt"/>
        <line num="10" count="1" type="stmt"/>
        <line num="11" count="1" type="stmt"/>
        <line num="12" count="1" type="stmt"/>
        <line num="13" count="1" type="stmt"/>
        <line num="14" count="1" type="stmt"/>
        <line num="17" count="1" type="stmt"/>
        <line num="18" count="1" type="stmt"/>
        <line num="20" count="1" type="stmt"/>
      </file>
      <file name="DrinksIdProgress.jsx" path="/home/lucas/trybe/projetosDaTrybe/sd-021-a-project-recipes-app/src/pages/DrinksIdProgress.jsx">
        <metrics statements="1" coveredstatements="0" conditionals="0" coveredconditionals="0" methods="1" coveredmethods="0"/>
        <line num="6" count="0" type="stmt"/>
      </file>
      <file name="FavoriteRecipes.jsx" path="/home/lucas/trybe/projetosDaTrybe/sd-021-a-project-recipes-app/src/pages/FavoriteRecipes.jsx">
        <metrics statements="3" coveredstatements="0" conditionals="0" coveredconditionals="0" methods="1" coveredmethods="0"/>
        <line num="7" count="0" type="stmt"/>
        <line num="8" count="0" type="stmt"/>
        <line num="9" count="0" type="stmt"/>
      </file>
      <file name="Foods.jsx" path="/home/lucas/trybe/projetosDaTrybe/sd-021-a-project-recipes-app/src/pages/Foods.jsx">
        <metrics statements="9" coveredstatements="9" conditionals="2" coveredconditionals="2" methods="3" coveredmethods="3"/>
        <line num="9" count="42" type="stmt"/>
        <line num="10" count="42" type="stmt"/>
        <line num="11" count="42" type="stmt"/>
        <line num="12" count="42" type="stmt"/>
        <line num="14" count="42" type="stmt"/>
        <line num="15" count="10" type="cond" truecount="2" falsecount="0"/>
        <line num="16" count="1" type="stmt"/>
        <line num="20" count="42" type="stmt"/>
        <line num="25" count="1" type="stmt"/>
      </file>
      <file name="FoodsId.jsx" path="/home/lucas/trybe/projetosDaTrybe/sd-021-a-project-recipes-app/src/pages/FoodsId.jsx">
        <metrics statements="10" coveredstatements="10" conditionals="0" coveredconditionals="0" methods="3" coveredmethods="3"/>
        <line num="8" count="1" type="stmt"/>
        <line num="9" count="1" type="stmt"/>
        <line num="10" count="1" type="stmt"/>
        <line num="11" count="1" type="stmt"/>
        <line num="12" count="1" type="stmt"/>
        <line num="13" count="1" type="stmt"/>
        <line num="14" count="1" type="stmt"/>
        <line num="17" count="1" type="stmt"/>
        <line num="18" count="1" type="stmt"/>
        <line num="20" count="1" type="stmt"/>
      </file>
      <file name="FoodsIdProgress.jsx" path="/home/lucas/trybe/projetosDaTrybe/sd-021-a-project-recipes-app/src/pages/FoodsIdProgress.jsx">
        <metrics statements="1" coveredstatements="0" conditionals="0" coveredconditionals="0" methods="1" coveredmethods="0"/>
        <line num="6" count="0" type="stmt"/>
      </file>
      <file name="Login.jsx" path="/home/lucas/trybe/projetosDaTrybe/sd-021-a-project-recipes-app/src/pages/Login.jsx">
        <metrics statements="8" coveredstatements="8" conditionals="0" coveredconditionals="0" methods="2" coveredmethods="2"/>
        <line num="6" count="32" type="stmt"/>
        <line num="7" count="32" type="stmt"/>
        <line num="9" count="32" type="stmt"/>
        <line num="10" count="1" type="stmt"/>
        <line num="11" count="1" type="stmt"/>
        <line num="12" count="1" type="stmt"/>
        <line num="13" count="1" type="stmt"/>
        <line num="16" count="32" type="stmt"/>
      </file>
      <file name="Profile.jsx" path="/home/lucas/trybe/projetosDaTrybe/sd-021-a-project-recipes-app/src/pages/Profile.jsx">
        <metrics statements="3" coveredstatements="3" conditionals="0" coveredconditionals="0" methods="1" coveredmethods="1"/>
        <line num="8" count="1" type="stmt"/>
        <line num="9" count="1" type="stmt"/>
        <line num="10" count="1" type="stmt"/>
      </file>
    </package>
  </project>
</coverage>
