{"total": {"lines":{"total":546,"covered":264,"skipped":0,"pct":48.35},"statements":{"total":578,"covered":274,"skipped":0,"pct":47.4},"functions":{"total":142,"covered":60,"skipped":0,"pct":42.25},"branches":{"total":224,"covered":69,"skipped":0,"pct":30.8},"branchesTrue":{"total":0,"covered":0,"skipped":0,"pct":100}}
,"/home/lucas/trybe/projetosDaTrybe/sd-021-a-project-recipes-app/src/App.js": {"lines":{"total":1,"covered":1,"skipped":0,"pct":100},"functions":{"total":1,"covered":1,"skipped":0,"pct":100},"statements":{"total":1,"covered":1,"skipped":0,"pct":100},"branches":{"total":0,"covered":0,"skipped":0,"pct":100}}
,"/home/lucas/trybe/projetosDaTrybe/sd-021-a-project-recipes-app/src/components/FiltersBtns.jsx": {"lines":{"total":1,"covered":0,"skipped":0,"pct":0},"functions":{"total":1,"covered":0,"skipped":0,"pct":0},"statements":{"total":1,"covered":0,"skipped":0,"pct":0},"branches":{"total":0,"covered":0,"skipped":0,"pct":100}}
,"/home/lucas/trybe/projetosDaTrybe/sd-021-a-project-recipes-app/src/components/FinishBtn.jsx": {"lines":{"total":11,"covered":0,"skipped":0,"pct":0},"functions":{"total":3,"covered":0,"skipped":0,"pct":0},"statements":{"total":11,"covered":0,"skipped":0,"pct":0},"branches":{"total":4,"covered":0,"skipped":0,"pct":0}}
,"/home/lucas/trybe/projetosDaTrybe/sd-021-a-project-recipes-app/src/components/Footer.jsx": {"lines":{"total":1,"covered":1,"skipped":0,"pct":100},"functions":{"total":1,"covered":1,"skipped":0,"pct":100},"statements":{"total":1,"covered":1,"skipped":0,"pct":100},"branches":{"total":0,"covered":0,"skipped":0,"pct":100}}
,"/home/lucas/trybe/projetosDaTrybe/sd-021-a-project-recipes-app/src/components/Header.jsx": {"lines":{"total":4,"covered":4,"skipped":0,"pct":100},"functions":{"total":2,"covered":2,"skipped":0,"pct":100},"statements":{"total":5,"covered":5,"skipped":0,"pct":100},"branches":{"total":6,"covered":6,"skipped":0,"pct":100}}
,"/home/lucas/trybe/projetosDaTrybe/sd-021-a-project-recipes-app/src/components/Recipes.jsx": {"lines":{"total":70,"covered":55,"skipped":0,"pct":78.57},"functions":{"total":21,"covered":16,"skipped":0,"pct":76.19},"statements":{"total":78,"covered":59,"skipped":0,"pct":75.64},"branches":{"total":12,"covered":4,"skipped":0,"pct":33.33}}
,"/home/lucas/trybe/projetosDaTrybe/sd-021-a-project-recipes-app/src/components/SearchBar.jsx": {"lines":{"total":7,"covered":7,"skipped":0,"pct":100},"functions":{"total":5,"covered":5,"skipped":0,"pct":100},"statements":{"total":7,"covered":7,"skipped":0,"pct":100},"branches":{"total":0,"covered":0,"skipped":0,"pct":100}}
,"/home/lucas/trybe/projetosDaTrybe/sd-021-a-project-recipes-app/src/components/StartRecipe.jsx": {"lines":{"total":8,"covered":4,"skipped":0,"pct":50},"functions":{"total":2,"covered":1,"skipped":0,"pct":50},"statements":{"total":8,"covered":4,"skipped":0,"pct":50},"branches":{"total":4,"covered":0,"skipped":0,"pct":0}}
,"/home/lucas/trybe/projetosDaTrybe/sd-021-a-project-recipes-app/src/context/Provider.js": {"lines":{"total":114,"covered":90,"skipped":0,"pct":78.94},"functions":{"total":14,"covered":10,"skipped":0,"pct":71.42},"statements":{"total":120,"covered":93,"skipped":0,"pct":77.5},"branches":{"total":42,"covered":34,"skipped":0,"pct":80.95}}
,"/home/lucas/trybe/projetosDaTrybe/sd-021-a-project-recipes-app/src/context/context.js": {"lines":{"total":1,"covered":1,"skipped":0,"pct":100},"functions":{"total":0,"covered":0,"skipped":0,"pct":100},"statements":{"total":1,"covered":1,"skipped":0,"pct":100},"branches":{"total":0,"covered":0,"skipped":0,"pct":100}}
,"/home/lucas/trybe/projetosDaTrybe/sd-021-a-project-recipes-app/src/pages/DoneRecipes.jsx": {"lines":{"total":19,"covered":0,"skipped":0,"pct":0},"functions":{"total":6,"covered":0,"skipped":0,"pct":0},"statements":{"total":19,"covered":0,"skipped":0,"pct":0},"branches":{"total":10,"covered":0,"skipped":0,"pct":0}}
,"/home/lucas/trybe/projetosDaTrybe/sd-021-a-project-recipes-app/src/pages/Drinks.jsx": {"lines":{"total":9,"covered":9,"skipped":0,"pct":100},"functions":{"total":3,"covered":3,"skipped":0,"pct":100},"statements":{"total":9,"covered":9,"skipped":0,"pct":100},"branches":{"total":4,"covered":4,"skipped":0,"pct":100}}
,"/home/lucas/trybe/projetosDaTrybe/sd-021-a-project-recipes-app/src/pages/DrinksId.jsx": {"lines":{"total":52,"covered":33,"skipped":0,"pct":63.46},"functions":{"total":15,"covered":7,"skipped":0,"pct":46.66},"statements":{"total":55,"covered":34,"skipped":0,"pct":61.81},"branches":{"total":20,"covered":7,"skipped":0,"pct":35}}
,"/home/lucas/trybe/projetosDaTrybe/sd-021-a-project-recipes-app/src/pages/DrinksIdProgress.jsx": {"lines":{"total":76,"covered":0,"skipped":0,"pct":0},"functions":{"total":20,"covered":0,"skipped":0,"pct":0},"statements":{"total":81,"covered":0,"skipped":0,"pct":0},"branches":{"total":42,"covered":0,"skipped":0,"pct":0}}
,"/home/lucas/trybe/projetosDaTrybe/sd-021-a-project-recipes-app/src/pages/FavoriteRecipes.jsx": {"lines":{"total":18,"covered":0,"skipped":0,"pct":0},"functions":{"total":5,"covered":0,"skipped":0,"pct":0},"statements":{"total":18,"covered":0,"skipped":0,"pct":0},"branches":{"total":10,"covered":0,"skipped":0,"pct":0}}
,"/home/lucas/trybe/projetosDaTrybe/sd-021-a-project-recipes-app/src/pages/Foods.jsx": {"lines":{"total":9,"covered":9,"skipped":0,"pct":100},"functions":{"total":3,"covered":3,"skipped":0,"pct":100},"statements":{"total":9,"covered":9,"skipped":0,"pct":100},"branches":{"total":4,"covered":4,"skipped":0,"pct":100}}
,"/home/lucas/trybe/projetosDaTrybe/sd-021-a-project-recipes-app/src/pages/FoodsId.jsx": {"lines":{"total":53,"covered":34,"skipped":0,"pct":64.15},"functions":{"total":15,"covered":7,"skipped":0,"pct":46.66},"statements":{"total":56,"covered":35,"skipped":0,"pct":62.5},"branches":{"total":22,"covered":8,"skipped":0,"pct":36.36}}
,"/home/lucas/trybe/projetosDaTrybe/sd-021-a-project-recipes-app/src/pages/FoodsIdProgress.jsx": {"lines":{"total":76,"covered":0,"skipped":0,"pct":0},"functions":{"total":20,"covered":0,"skipped":0,"pct":0},"statements":{"total":81,"covered":0,"skipped":0,"pct":0},"branches":{"total":42,"covered":0,"skipped":0,"pct":0}}
,"/home/lucas/trybe/projetosDaTrybe/sd-021-a-project-recipes-app/src/pages/Login.jsx": {"lines":{"total":8,"covered":8,"skipped":0,"pct":100},"functions":{"total":2,"covered":2,"skipped":0,"pct":100},"statements":{"total":8,"covered":8,"skipped":0,"pct":100},"branches":{"total":0,"covered":0,"skipped":0,"pct":100}}
,"/home/lucas/trybe/projetosDaTrybe/sd-021-a-project-recipes-app/src/pages/Profile.jsx": {"lines":{"total":8,"covered":8,"skipped":0,"pct":100},"functions":{"total":3,"covered":2,"skipped":0,"pct":66.66},"statements":{"total":9,"covered":8,"skipped":0,"pct":88.88},"branches":{"total":2,"covered":2,"skipped":0,"pct":100}}
}
