{"/home/lucas/trybe/projetosDaTrybe/sd-021-a-project-recipes-app/src/App.js": {"path":"/home/lucas/trybe/projetosDaTrybe/sd-021-a-project-recipes-app/src/App.js","statementMap":{"0":{"start":{"line":7,"column":2},"end":{"line":11,"column":4}}},"fnMap":{"0":{"name":"App","decl":{"start":{"line":6,"column":9},"end":{"line":6,"column":12}},"loc":{"start":{"line":6,"column":15},"end":{"line":12,"column":1}},"line":6}},"branchMap":{},"s":{"0":14},"f":{"0":14},"b":{},"_coverageSchema":"1a1c01bbd47fc00a2c39e90264f33305004495a9","hash":"bf4c2afbee58828f6121ab8a216c7e5c53b5ec64"}
,"/home/lucas/trybe/projetosDaTrybe/sd-021-a-project-recipes-app/src/components/Footer.jsx": {"path":"/home/lucas/trybe/projetosDaTrybe/sd-021-a-project-recipes-app/src/components/Footer.jsx","statementMap":{"0":{"start":{"line":9,"column":2},"end":{"line":20,"column":4}}},"fnMap":{"0":{"name":"Footer","decl":{"start":{"line":8,"column":9},"end":{"line":8,"column":15}},"loc":{"start":{"line":8,"column":18},"end":{"line":21,"column":1}},"line":8}},"branchMap":{},"s":{"0":73},"f":{"0":73},"b":{},"_coverageSchema":"1a1c01bbd47fc00a2c39e90264f33305004495a9","hash":"60c9f0a1b34f8ddad9cdcd6363453dd4756240ae"}
,"/home/lucas/trybe/projetosDaTrybe/sd-021-a-project-recipes-app/src/components/Header.jsx": {"path":"/home/lucas/trybe/projetosDaTrybe/sd-021-a-project-recipes-app/src/components/Header.jsx","statementMap":{"0":{"start":{"line":12,"column":34},"end":{"line":12,"column":49}},"1":{"start":{"line":13,"column":23},"end":{"line":13,"column":81}},"2":{"start":{"line":13,"column":30},"end":{"line":13,"column":80}},"3":{"start":{"line":14,"column":2},"end":{"line":33,"column":4}},"4":{"start":{"line":36,"column":0},"end":{"line":39,"column":2}}},"fnMap":{"0":{"name":"Header","decl":{"start":{"line":11,"column":9},"end":{"line":11,"column":15}},"loc":{"start":{"line":11,"column":38},"end":{"line":34,"column":1}},"line":11},"1":{"name":"(anonymous_1)","decl":{"start":{"line":13,"column":23},"end":{"line":13,"column":24}},"loc":{"start":{"line":13,"column":30},"end":{"line":13,"column":80}},"line":13}},"branchMap":{"0":{"loc":{"start":{"line":13,"column":30},"end":{"line":13,"column":80}},"type":"cond-expr","locations":[{"start":{"line":13,"column":42},"end":{"line":13,"column":59}},{"start":{"line":13,"column":62},"end":{"line":13,"column":80}}],"line":13},"1":{"loc":{"start":{"line":20,"column":7},"end":{"line":31,"column":7}},"type":"binary-expr","locations":[{"start":{"line":20,"column":7},"end":{"line":20,"column":16}},{"start":{"line":21,"column":8},"end":{"line":30,"column":14}}],"line":20},"2":{"loc":{"start":{"line":29,"column":11},"end":{"line":29,"column":36}},"type":"binary-expr","locations":[{"start":{"line":29,"column":11},"end":{"line":29,"column":19}},{"start":{"line":29,"column":23},"end":{"line":29,"column":36}}],"line":29}},"s":{"0":79,"1":79,"2":8,"3":79,"4":4},"f":{"0":79,"1":8},"b":{"0":[7,1],"1":[79,78],"2":[78,48]},"_coverageSchema":"1a1c01bbd47fc00a2c39e90264f33305004495a9","hash":"d6c7aabf672139cff76721a931b99e57f734eadd"}
,"/home/lucas/trybe/projetosDaTrybe/sd-021-a-project-recipes-app/src/components/Recipes.jsx": {"path":"/home/lucas/trybe/projetosDaTrybe/sd-021-a-project-recipes-app/src/components/Recipes.jsx","statementMap":{"0":{"start":{"line":21,"column":6},"end":{"line":21,"column":25}},"1":{"start":{"line":22,"column":34},"end":{"line":22,"column":49}},"2":{"start":{"line":23,"column":18},"end":{"line":23,"column":30}},"3":{"start":{"line":25,"column":26},"end":{"line":32,"column":3}},"4":{"start":{"line":26,"column":16},"end":{"line":26,"column":71}},"5":{"start":{"line":27,"column":21},"end":{"line":27,"column":37}},"6":{"start":{"line":28,"column":21},"end":{"line":28,"column":42}},"7":{"start":{"line":29,"column":4},"end":{"line":29,"column":30}},"8":{"start":{"line":30,"column":17},"end":{"line":30,"column":58}},"9":{"start":{"line":30,"column":49},"end":{"line":30,"column":57}},"10":{"start":{"line":31,"column":4},"end":{"line":31,"column":24}},"11":{"start":{"line":34,"column":27},"end":{"line":41,"column":3}},"12":{"start":{"line":35,"column":16},"end":{"line":35,"column":75}},"13":{"start":{"line":36,"column":21},"end":{"line":36,"column":37}},"14":{"start":{"line":37,"column":21},"end":{"line":37,"column":42}},"15":{"start":{"line":38,"column":4},"end":{"line":38,"column":37}},"16":{"start":{"line":39,"column":17},"end":{"line":39,"column":59}},"17":{"start":{"line":39,"column":50},"end":{"line":39,"column":58}},"18":{"start":{"line":40,"column":4},"end":{"line":40,"column":25}},"19":{"start":{"line":43,"column":29},"end":{"line":49,"column":3}},"20":{"start":{"line":44,"column":16},"end":{"line":44,"column":73}},"21":{"start":{"line":45,"column":21},"end":{"line":45,"column":37}},"22":{"start":{"line":46,"column":21},"end":{"line":46,"column":42}},"23":{"start":{"line":47,"column":17},"end":{"line":47,"column":57}},"24":{"start":{"line":47,"column":49},"end":{"line":47,"column":56}},"25":{"start":{"line":48,"column":4},"end":{"line":48,"column":26}},"26":{"start":{"line":51,"column":30},"end":{"line":57,"column":3}},"27":{"start":{"line":52,"column":16},"end":{"line":52,"column":77}},"28":{"start":{"line":53,"column":21},"end":{"line":53,"column":37}},"29":{"start":{"line":54,"column":21},"end":{"line":54,"column":42}},"30":{"start":{"line":55,"column":17},"end":{"line":55,"column":58}},"31":{"start":{"line":55,"column":50},"end":{"line":55,"column":57}},"32":{"start":{"line":56,"column":4},"end":{"line":56,"column":27}},"33":{"start":{"line":59,"column":2},"end":{"line":72,"column":9}},"34":{"start":{"line":60,"column":4},"end":{"line":65,"column":5}},"35":{"start":{"line":61,"column":6},"end":{"line":61,"column":24}},"36":{"start":{"line":62,"column":6},"end":{"line":62,"column":27}},"37":{"start":{"line":63,"column":6},"end":{"line":63,"column":27}},"38":{"start":{"line":64,"column":6},"end":{"line":64,"column":25}},"39":{"start":{"line":66,"column":4},"end":{"line":71,"column":5}},"40":{"start":{"line":67,"column":6},"end":{"line":67,"column":25}},"41":{"start":{"line":68,"column":6},"end":{"line":68,"column":28}},"42":{"start":{"line":69,"column":6},"end":{"line":69,"column":26}},"43":{"start":{"line":70,"column":6},"end":{"line":70,"column":24}},"44":{"start":{"line":74,"column":27},"end":{"line":81,"column":3}},"45":{"start":{"line":75,"column":4},"end":{"line":77,"column":5}},"46":{"start":{"line":76,"column":6},"end":{"line":76,"column":55}},"47":{"start":{"line":76,"column":44},"end":{"line":76,"column":52}},"48":{"start":{"line":78,"column":4},"end":{"line":80,"column":5}},"49":{"start":{"line":79,"column":6},"end":{"line":79,"column":62}},"50":{"start":{"line":79,"column":51},"end":{"line":79,"column":59}},"51":{"start":{"line":83,"column":34},"end":{"line":95,"column":3}},"52":{"start":{"line":84,"column":16},"end":{"line":84,"column":90}},"53":{"start":{"line":85,"column":21},"end":{"line":85,"column":37}},"54":{"start":{"line":86,"column":21},"end":{"line":86,"column":42}},"55":{"start":{"line":87,"column":17},"end":{"line":87,"column":58}},"56":{"start":{"line":87,"column":49},"end":{"line":87,"column":57}},"57":{"start":{"line":88,"column":4},"end":{"line":88,"column":24}},"58":{"start":{"line":89,"column":4},"end":{"line":94,"column":5}},"59":{"start":{"line":90,"column":6},"end":{"line":90,"column":24}},"60":{"start":{"line":92,"column":6},"end":{"line":92,"column":25}},"61":{"start":{"line":93,"column":6},"end":{"line":93,"column":25}},"62":{"start":{"line":97,"column":35},"end":{"line":109,"column":3}},"63":{"start":{"line":98,"column":16},"end":{"line":98,"column":94}},"64":{"start":{"line":99,"column":21},"end":{"line":99,"column":37}},"65":{"start":{"line":100,"column":21},"end":{"line":100,"column":42}},"66":{"start":{"line":101,"column":17},"end":{"line":101,"column":59}},"67":{"start":{"line":101,"column":50},"end":{"line":101,"column":58}},"68":{"start":{"line":102,"column":4},"end":{"line":102,"column":25}},"69":{"start":{"line":103,"column":4},"end":{"line":108,"column":5}},"70":{"start":{"line":104,"column":6},"end":{"line":104,"column":24}},"71":{"start":{"line":106,"column":6},"end":{"line":106,"column":25}},"72":{"start":{"line":107,"column":6},"end":{"line":107,"column":25}},"73":{"start":{"line":111,"column":2},"end":{"line":172,"column":4}},"74":{"start":{"line":115,"column":10},"end":{"line":123,"column":16}},"75":{"start":{"line":126,"column":10},"end":{"line":135,"column":16}},"76":{"start":{"line":147,"column":10},"end":{"line":156,"column":17}},"77":{"start":{"line":159,"column":10},"end":{"line":168,"column":17}}},"fnMap":{"0":{"name":"Recipes","decl":{"start":{"line":7,"column":9},"end":{"line":7,"column":16}},"loc":{"start":{"line":7,"column":19},"end":{"line":173,"column":1}},"line":7},"1":{"name":"(anonymous_1)","decl":{"start":{"line":25,"column":26},"end":{"line":25,"column":27}},"loc":{"start":{"line":25,"column":38},"end":{"line":32,"column":3}},"line":25},"2":{"name":"(anonymous_2)","decl":{"start":{"line":30,"column":39},"end":{"line":30,"column":40}},"loc":{"start":{"line":30,"column":49},"end":{"line":30,"column":57}},"line":30},"3":{"name":"(anonymous_3)","decl":{"start":{"line":34,"column":27},"end":{"line":34,"column":28}},"loc":{"start":{"line":34,"column":39},"end":{"line":41,"column":3}},"line":34},"4":{"name":"(anonymous_4)","decl":{"start":{"line":39,"column":40},"end":{"line":39,"column":41}},"loc":{"start":{"line":39,"column":50},"end":{"line":39,"column":58}},"line":39},"5":{"name":"(anonymous_5)","decl":{"start":{"line":43,"column":29},"end":{"line":43,"column":30}},"loc":{"start":{"line":43,"column":41},"end":{"line":49,"column":3}},"line":43},"6":{"name":"(anonymous_6)","decl":{"start":{"line":47,"column":39},"end":{"line":47,"column":40}},"loc":{"start":{"line":47,"column":49},"end":{"line":47,"column":56}},"line":47},"7":{"name":"(anonymous_7)","decl":{"start":{"line":51,"column":30},"end":{"line":51,"column":31}},"loc":{"start":{"line":51,"column":42},"end":{"line":57,"column":3}},"line":51},"8":{"name":"(anonymous_8)","decl":{"start":{"line":55,"column":40},"end":{"line":55,"column":41}},"loc":{"start":{"line":55,"column":50},"end":{"line":55,"column":57}},"line":55},"9":{"name":"(anonymous_9)","decl":{"start":{"line":59,"column":12},"end":{"line":59,"column":13}},"loc":{"start":{"line":59,"column":18},"end":{"line":72,"column":3}},"line":59},"10":{"name":"(anonymous_10)","decl":{"start":{"line":74,"column":27},"end":{"line":74,"column":28}},"loc":{"start":{"line":74,"column":33},"end":{"line":81,"column":3}},"line":74},"11":{"name":"(anonymous_11)","decl":{"start":{"line":76,"column":34},"end":{"line":76,"column":35}},"loc":{"start":{"line":76,"column":44},"end":{"line":76,"column":52}},"line":76},"12":{"name":"(anonymous_12)","decl":{"start":{"line":79,"column":41},"end":{"line":79,"column":42}},"loc":{"start":{"line":79,"column":51},"end":{"line":79,"column":59}},"line":79},"13":{"name":"(anonymous_13)","decl":{"start":{"line":83,"column":34},"end":{"line":83,"column":35}},"loc":{"start":{"line":83,"column":56},"end":{"line":95,"column":3}},"line":83},"14":{"name":"(anonymous_14)","decl":{"start":{"line":87,"column":39},"end":{"line":87,"column":40}},"loc":{"start":{"line":87,"column":49},"end":{"line":87,"column":57}},"line":87},"15":{"name":"(anonymous_15)","decl":{"start":{"line":97,"column":35},"end":{"line":97,"column":36}},"loc":{"start":{"line":97,"column":57},"end":{"line":109,"column":3}},"line":97},"16":{"name":"(anonymous_16)","decl":{"start":{"line":101,"column":40},"end":{"line":101,"column":41}},"loc":{"start":{"line":101,"column":50},"end":{"line":101,"column":58}},"line":101},"17":{"name":"(anonymous_17)","decl":{"start":{"line":114,"column":26},"end":{"line":114,"column":27}},"loc":{"start":{"line":115,"column":10},"end":{"line":123,"column":16}},"line":115},"18":{"name":"(anonymous_18)","decl":{"start":{"line":125,"column":27},"end":{"line":125,"column":28}},"loc":{"start":{"line":126,"column":10},"end":{"line":135,"column":16}},"line":126},"19":{"name":"(anonymous_19)","decl":{"start":{"line":146,"column":24},"end":{"line":146,"column":25}},"loc":{"start":{"line":147,"column":10},"end":{"line":156,"column":17}},"line":147},"20":{"name":"(anonymous_20)","decl":{"start":{"line":158,"column":25},"end":{"line":158,"column":26}},"loc":{"start":{"line":159,"column":10},"end":{"line":168,"column":17}},"line":159}},"branchMap":{"0":{"loc":{"start":{"line":60,"column":4},"end":{"line":65,"column":5}},"type":"if","locations":[{"start":{"line":60,"column":4},"end":{"line":65,"column":5}},{"start":{},"end":{}}],"line":60},"1":{"loc":{"start":{"line":66,"column":4},"end":{"line":71,"column":5}},"type":"if","locations":[{"start":{"line":66,"column":4},"end":{"line":71,"column":5}},{"start":{},"end":{}}],"line":66},"2":{"loc":{"start":{"line":75,"column":4},"end":{"line":77,"column":5}},"type":"if","locations":[{"start":{"line":75,"column":4},"end":{"line":77,"column":5}},{"start":{},"end":{}}],"line":75},"3":{"loc":{"start":{"line":78,"column":4},"end":{"line":80,"column":5}},"type":"if","locations":[{"start":{"line":78,"column":4},"end":{"line":80,"column":5}},{"start":{},"end":{}}],"line":78},"4":{"loc":{"start":{"line":89,"column":4},"end":{"line":94,"column":5}},"type":"if","locations":[{"start":{"line":89,"column":4},"end":{"line":94,"column":5}},{"start":{"line":91,"column":11},"end":{"line":94,"column":5}}],"line":89},"5":{"loc":{"start":{"line":103,"column":4},"end":{"line":108,"column":5}},"type":"if","locations":[{"start":{"line":103,"column":4},"end":{"line":108,"column":5}},{"start":{"line":105,"column":11},"end":{"line":108,"column":5}}],"line":103}},"s":{"0":70,"1":70,"2":70,"3":70,"4":9,"5":9,"6":2,"7":2,"8":2,"9":50,"10":2,"11":70,"12":3,"13":3,"14":3,"15":3,"16":3,"17":75,"18":3,"19":70,"20":9,"21":9,"22":2,"23":2,"24":28,"25":2,"26":70,"27":3,"28":3,"29":3,"30":3,"31":33,"32":3,"33":70,"34":12,"35":9,"36":9,"37":9,"38":9,"39":12,"40":3,"41":3,"42":3,"43":3,"44":70,"45":0,"46":0,"47":0,"48":0,"49":0,"50":0,"51":70,"52":1,"53":1,"54":1,"55":1,"56":0,"57":0,"58":0,"59":0,"60":0,"61":0,"62":70,"63":1,"64":1,"65":1,"66":0,"67":0,"68":0,"69":0,"70":0,"71":0,"72":0,"73":70,"74":25,"75":40,"76":12,"77":60},"f":{"0":70,"1":9,"2":50,"3":3,"4":75,"5":9,"6":28,"7":3,"8":33,"9":12,"10":0,"11":0,"12":0,"13":1,"14":0,"15":1,"16":0,"17":25,"18":40,"19":12,"20":60},"b":{"0":[9,3],"1":[3,9],"2":[0,0],"3":[0,0],"4":[0,0],"5":[0,0]},"_coverageSchema":"1a1c01bbd47fc00a2c39e90264f33305004495a9","hash":"9d7ea481e295af65864f97ee62eed4516d1f5096"}
,"/home/lucas/trybe/projetosDaTrybe/sd-021-a-project-recipes-app/src/components/SearchBar.jsx": {"path":"/home/lucas/trybe/projetosDaTrybe/sd-021-a-project-recipes-app/src/components/SearchBar.jsx","statementMap":{"0":{"start":{"line":7,"column":54},"end":{"line":7,"column":73}},"1":{"start":{"line":8,"column":24},"end":{"line":10,"column":3}},"2":{"start":{"line":9,"column":4},"end":{"line":9,"column":26}},"3":{"start":{"line":12,"column":2},"end":{"line":67,"column":4}},"4":{"start":{"line":22,"column":29},"end":{"line":22,"column":52}},"5":{"start":{"line":32,"column":29},"end":{"line":32,"column":46}},"6":{"start":{"line":42,"column":29},"end":{"line":42,"column":53}}},"fnMap":{"0":{"name":"SearchBar","decl":{"start":{"line":6,"column":9},"end":{"line":6,"column":18}},"loc":{"start":{"line":6,"column":21},"end":{"line":68,"column":1}},"line":6},"1":{"name":"(anonymous_1)","decl":{"start":{"line":8,"column":24},"end":{"line":8,"column":25}},"loc":{"start":{"line":8,"column":51},"end":{"line":10,"column":3}},"line":8},"2":{"name":"(anonymous_2)","decl":{"start":{"line":22,"column":23},"end":{"line":22,"column":24}},"loc":{"start":{"line":22,"column":29},"end":{"line":22,"column":52}},"line":22},"3":{"name":"(anonymous_3)","decl":{"start":{"line":32,"column":23},"end":{"line":32,"column":24}},"loc":{"start":{"line":32,"column":29},"end":{"line":32,"column":46}},"line":32},"4":{"name":"(anonymous_4)","decl":{"start":{"line":42,"column":23},"end":{"line":42,"column":24}},"loc":{"start":{"line":42,"column":29},"end":{"line":42,"column":53}},"line":42}},"branchMap":{},"s":{"0":48,"1":48,"2":20,"3":48,"4":2,"5":3,"6":1},"f":{"0":48,"1":20,"2":2,"3":3,"4":1},"b":{},"_coverageSchema":"1a1c01bbd47fc00a2c39e90264f33305004495a9","hash":"14fef9df47d4a1bed1e974dc4110ff9c7d7e6a03"}
,"/home/lucas/trybe/projetosDaTrybe/sd-021-a-project-recipes-app/src/context/Provider.js": {"path":"/home/lucas/trybe/projetosDaTrybe/sd-021-a-project-recipes-app/src/context/Provider.js","statementMap":{"0":{"start":{"line":7,"column":18},"end":{"line":7,"column":75}},"1":{"start":{"line":8,"column":18},"end":{"line":8,"column":30}},"2":{"start":{"line":9,"column":33},"end":{"line":12,"column":4}},"3":{"start":{"line":13,"column":40},"end":{"line":13,"column":54}},"4":{"start":{"line":14,"column":30},"end":{"line":14,"column":42}},"5":{"start":{"line":15,"column":40},"end":{"line":15,"column":52}},"6":{"start":{"line":16,"column":41},"end":{"line":16,"column":53}},"7":{"start":{"line":17,"column":44},"end":{"line":17,"column":56}},"8":{"start":{"line":18,"column":46},"end":{"line":18,"column":58}},"9":{"start":{"line":19,"column":38},"end":{"line":19,"column":50}},"10":{"start":{"line":20,"column":40},"end":{"line":20,"column":52}},"11":{"start":{"line":21,"column":42},"end":{"line":21,"column":54}},"12":{"start":{"line":22,"column":44},"end":{"line":22,"column":56}},"13":{"start":{"line":23,"column":30},"end":{"line":23,"column":42}},"14":{"start":{"line":24,"column":42},"end":{"line":24,"column":54}},"15":{"start":{"line":25,"column":32},"end":{"line":25,"column":44}},"16":{"start":{"line":26,"column":42},"end":{"line":26,"column":54}},"17":{"start":{"line":28,"column":23},"end":{"line":37,"column":3}},"18":{"start":{"line":29,"column":4},"end":{"line":29,"column":61}},"19":{"start":{"line":29,"column":28},"end":{"line":29,"column":58}},"20":{"start":{"line":30,"column":19},"end":{"line":30,"column":20}},"21":{"start":{"line":31,"column":18},"end":{"line":31,"column":35}},"22":{"start":{"line":32,"column":4},"end":{"line":36,"column":5}},"23":{"start":{"line":33,"column":6},"end":{"line":33,"column":28}},"24":{"start":{"line":35,"column":6},"end":{"line":35,"column":34}},"25":{"start":{"line":38,"column":19},"end":{"line":77,"column":3}},"26":{"start":{"line":39,"column":4},"end":{"line":49,"column":5}},"27":{"start":{"line":40,"column":6},"end":{"line":46,"column":7}},"28":{"start":{"line":41,"column":20},"end":{"line":41,"column":87}},"29":{"start":{"line":42,"column":25},"end":{"line":42,"column":41}},"30":{"start":{"line":43,"column":25},"end":{"line":43,"column":46}},"31":{"start":{"line":44,"column":21},"end":{"line":44,"column":29}},"32":{"start":{"line":45,"column":8},"end":{"line":45,"column":31}},"33":{"start":{"line":48,"column":6},"end":{"line":48,"column":35}},"34":{"start":{"line":50,"column":4},"end":{"line":60,"column":5}},"35":{"start":{"line":51,"column":6},"end":{"line":57,"column":7}},"36":{"start":{"line":52,"column":20},"end":{"line":52,"column":87}},"37":{"start":{"line":53,"column":25},"end":{"line":53,"column":41}},"38":{"start":{"line":54,"column":25},"end":{"line":54,"column":46}},"39":{"start":{"line":55,"column":21},"end":{"line":55,"column":62}},"40":{"start":{"line":55,"column":53},"end":{"line":55,"column":61}},"41":{"start":{"line":56,"column":8},"end":{"line":56,"column":31}},"42":{"start":{"line":59,"column":6},"end":{"line":59,"column":35}},"43":{"start":{"line":61,"column":4},"end":{"line":71,"column":5}},"44":{"start":{"line":62,"column":6},"end":{"line":68,"column":7}},"45":{"start":{"line":63,"column":20},"end":{"line":63,"column":87}},"46":{"start":{"line":64,"column":25},"end":{"line":64,"column":41}},"47":{"start":{"line":65,"column":25},"end":{"line":65,"column":46}},"48":{"start":{"line":66,"column":21},"end":{"line":66,"column":62}},"49":{"start":{"line":66,"column":53},"end":{"line":66,"column":61}},"50":{"start":{"line":67,"column":8},"end":{"line":67,"column":31}},"51":{"start":{"line":70,"column":6},"end":{"line":70,"column":35}},"52":{"start":{"line":73,"column":4},"end":{"line":75,"column":5}},"53":{"start":{"line":74,"column":6},"end":{"line":74,"column":67}},"54":{"start":{"line":76,"column":4},"end":{"line":76,"column":16}},"55":{"start":{"line":79,"column":20},"end":{"line":117,"column":3}},"56":{"start":{"line":80,"column":4},"end":{"line":90,"column":5}},"57":{"start":{"line":81,"column":6},"end":{"line":87,"column":7}},"58":{"start":{"line":82,"column":20},"end":{"line":82,"column":91}},"59":{"start":{"line":83,"column":25},"end":{"line":83,"column":41}},"60":{"start":{"line":84,"column":25},"end":{"line":84,"column":46}},"61":{"start":{"line":85,"column":21},"end":{"line":85,"column":63}},"62":{"start":{"line":85,"column":54},"end":{"line":85,"column":62}},"63":{"start":{"line":86,"column":8},"end":{"line":86,"column":32}},"64":{"start":{"line":89,"column":6},"end":{"line":89,"column":35}},"65":{"start":{"line":91,"column":4},"end":{"line":101,"column":5}},"66":{"start":{"line":92,"column":6},"end":{"line":98,"column":7}},"67":{"start":{"line":93,"column":20},"end":{"line":93,"column":91}},"68":{"start":{"line":94,"column":25},"end":{"line":94,"column":41}},"69":{"start":{"line":95,"column":25},"end":{"line":95,"column":46}},"70":{"start":{"line":96,"column":21},"end":{"line":96,"column":63}},"71":{"start":{"line":96,"column":54},"end":{"line":96,"column":62}},"72":{"start":{"line":97,"column":8},"end":{"line":97,"column":32}},"73":{"start":{"line":100,"column":6},"end":{"line":100,"column":35}},"74":{"start":{"line":102,"column":4},"end":{"line":112,"column":5}},"75":{"start":{"line":103,"column":6},"end":{"line":109,"column":7}},"76":{"start":{"line":104,"column":20},"end":{"line":104,"column":91}},"77":{"start":{"line":105,"column":25},"end":{"line":105,"column":41}},"78":{"start":{"line":106,"column":25},"end":{"line":106,"column":46}},"79":{"start":{"line":107,"column":21},"end":{"line":107,"column":63}},"80":{"start":{"line":107,"column":54},"end":{"line":107,"column":62}},"81":{"start":{"line":108,"column":8},"end":{"line":108,"column":32}},"82":{"start":{"line":111,"column":6},"end":{"line":111,"column":35}},"83":{"start":{"line":113,"column":4},"end":{"line":115,"column":5}},"84":{"start":{"line":114,"column":6},"end":{"line":114,"column":67}},"85":{"start":{"line":116,"column":4},"end":{"line":116,"column":16}},"86":{"start":{"line":119,"column":2},"end":{"line":123,"column":45}},"87":{"start":{"line":120,"column":4},"end":{"line":122,"column":5}},"88":{"start":{"line":121,"column":6},"end":{"line":121,"column":17}},"89":{"start":{"line":125,"column":2},"end":{"line":129,"column":45}},"90":{"start":{"line":126,"column":4},"end":{"line":128,"column":5}},"91":{"start":{"line":127,"column":6},"end":{"line":127,"column":18}},"92":{"start":{"line":131,"column":23},"end":{"line":133,"column":3}},"93":{"start":{"line":132,"column":4},"end":{"line":132,"column":35}},"94":{"start":{"line":135,"column":23},"end":{"line":162,"column":3}},"95":{"start":{"line":164,"column":2},"end":{"line":168,"column":4}},"96":{"start":{"line":171,"column":0},"end":{"line":171,"column":68}}},"fnMap":{"0":{"name":"ProviderRecipes","decl":{"start":{"line":6,"column":9},"end":{"line":6,"column":24}},"loc":{"start":{"line":6,"column":39},"end":{"line":169,"column":1}},"line":6},"1":{"name":"(anonymous_1)","decl":{"start":{"line":28,"column":23},"end":{"line":28,"column":24}},"loc":{"start":{"line":28,"column":56},"end":{"line":37,"column":3}},"line":28},"2":{"name":"(anonymous_2)","decl":{"start":{"line":29,"column":13},"end":{"line":29,"column":14}},"loc":{"start":{"line":29,"column":28},"end":{"line":29,"column":58}},"line":29},"3":{"name":"(anonymous_3)","decl":{"start":{"line":38,"column":19},"end":{"line":38,"column":20}},"loc":{"start":{"line":38,"column":31},"end":{"line":77,"column":3}},"line":38},"4":{"name":"(anonymous_4)","decl":{"start":{"line":55,"column":43},"end":{"line":55,"column":44}},"loc":{"start":{"line":55,"column":53},"end":{"line":55,"column":61}},"line":55},"5":{"name":"(anonymous_5)","decl":{"start":{"line":66,"column":43},"end":{"line":66,"column":44}},"loc":{"start":{"line":66,"column":53},"end":{"line":66,"column":61}},"line":66},"6":{"name":"(anonymous_6)","decl":{"start":{"line":79,"column":20},"end":{"line":79,"column":21}},"loc":{"start":{"line":79,"column":32},"end":{"line":117,"column":3}},"line":79},"7":{"name":"(anonymous_7)","decl":{"start":{"line":85,"column":44},"end":{"line":85,"column":45}},"loc":{"start":{"line":85,"column":54},"end":{"line":85,"column":62}},"line":85},"8":{"name":"(anonymous_8)","decl":{"start":{"line":96,"column":44},"end":{"line":96,"column":45}},"loc":{"start":{"line":96,"column":54},"end":{"line":96,"column":62}},"line":96},"9":{"name":"(anonymous_9)","decl":{"start":{"line":107,"column":44},"end":{"line":107,"column":45}},"loc":{"start":{"line":107,"column":54},"end":{"line":107,"column":62}},"line":107},"10":{"name":"(anonymous_10)","decl":{"start":{"line":119,"column":12},"end":{"line":119,"column":13}},"loc":{"start":{"line":119,"column":18},"end":{"line":123,"column":3}},"line":119},"11":{"name":"(anonymous_11)","decl":{"start":{"line":125,"column":12},"end":{"line":125,"column":13}},"loc":{"start":{"line":125,"column":18},"end":{"line":129,"column":3}},"line":125},"12":{"name":"(anonymous_12)","decl":{"start":{"line":131,"column":23},"end":{"line":131,"column":24}},"loc":{"start":{"line":131,"column":29},"end":{"line":133,"column":3}},"line":131}},"branchMap":{"0":{"loc":{"start":{"line":32,"column":4},"end":{"line":36,"column":5}},"type":"if","locations":[{"start":{"line":32,"column":4},"end":{"line":36,"column":5}},{"start":{"line":34,"column":11},"end":{"line":36,"column":5}}],"line":32},"1":{"loc":{"start":{"line":32,"column":8},"end":{"line":32,"column":77}},"type":"binary-expr","locations":[{"start":{"line":32,"column":8},"end":{"line":32,"column":37}},{"start":{"line":32,"column":41},"end":{"line":32,"column":77}}],"line":32},"2":{"loc":{"start":{"line":40,"column":6},"end":{"line":46,"column":7}},"type":"if","locations":[{"start":{"line":40,"column":6},"end":{"line":46,"column":7}},{"start":{},"end":{}}],"line":40},"3":{"loc":{"start":{"line":51,"column":6},"end":{"line":57,"column":7}},"type":"if","locations":[{"start":{"line":51,"column":6},"end":{"line":57,"column":7}},{"start":{},"end":{}}],"line":51},"4":{"loc":{"start":{"line":62,"column":6},"end":{"line":68,"column":7}},"type":"if","locations":[{"start":{"line":62,"column":6},"end":{"line":68,"column":7}},{"start":{},"end":{}}],"line":62},"5":{"loc":{"start":{"line":62,"column":10},"end":{"line":62,"column":60}},"type":"binary-expr","locations":[{"start":{"line":62,"column":10},"end":{"line":62,"column":34}},{"start":{"line":62,"column":38},"end":{"line":62,"column":60}}],"line":62},"6":{"loc":{"start":{"line":73,"column":4},"end":{"line":75,"column":5}},"type":"if","locations":[{"start":{"line":73,"column":4},"end":{"line":75,"column":5}},{"start":{},"end":{}}],"line":73},"7":{"loc":{"start":{"line":73,"column":8},"end":{"line":73,"column":56}},"type":"binary-expr","locations":[{"start":{"line":73,"column":8},"end":{"line":73,"column":32}},{"start":{"line":73,"column":36},"end":{"line":73,"column":56}}],"line":73},"8":{"loc":{"start":{"line":81,"column":6},"end":{"line":87,"column":7}},"type":"if","locations":[{"start":{"line":81,"column":6},"end":{"line":87,"column":7}},{"start":{},"end":{}}],"line":81},"9":{"loc":{"start":{"line":92,"column":6},"end":{"line":98,"column":7}},"type":"if","locations":[{"start":{"line":92,"column":6},"end":{"line":98,"column":7}},{"start":{},"end":{}}],"line":92},"10":{"loc":{"start":{"line":103,"column":6},"end":{"line":109,"column":7}},"type":"if","locations":[{"start":{"line":103,"column":6},"end":{"line":109,"column":7}},{"start":{},"end":{}}],"line":103},"11":{"loc":{"start":{"line":103,"column":10},"end":{"line":103,"column":60}},"type":"binary-expr","locations":[{"start":{"line":103,"column":10},"end":{"line":103,"column":34}},{"start":{"line":103,"column":38},"end":{"line":103,"column":60}}],"line":103},"12":{"loc":{"start":{"line":113,"column":4},"end":{"line":115,"column":5}},"type":"if","locations":[{"start":{"line":113,"column":4},"end":{"line":115,"column":5}},{"start":{},"end":{}}],"line":113},"13":{"loc":{"start":{"line":113,"column":8},"end":{"line":113,"column":56}},"type":"binary-expr","locations":[{"start":{"line":113,"column":8},"end":{"line":113,"column":32}},{"start":{"line":113,"column":36},"end":{"line":113,"column":56}}],"line":113},"14":{"loc":{"start":{"line":120,"column":4},"end":{"line":122,"column":5}},"type":"if","locations":[{"start":{"line":120,"column":4},"end":{"line":122,"column":5}},{"start":{},"end":{}}],"line":120},"15":{"loc":{"start":{"line":126,"column":4},"end":{"line":128,"column":5}},"type":"if","locations":[{"start":{"line":126,"column":4},"end":{"line":128,"column":5}},{"start":{},"end":{}}],"line":126}},"s":{"0":98,"1":98,"2":98,"3":98,"4":98,"5":98,"6":98,"7":98,"8":98,"9":98,"10":98,"11":98,"12":98,"13":98,"14":98,"15":98,"16":98,"17":98,"18":27,"19":27,"20":27,"21":27,"22":27,"23":1,"24":26,"25":98,"26":12,"27":12,"28":1,"29":1,"30":0,"31":0,"32":0,"33":0,"34":11,"35":11,"36":2,"37":2,"38":1,"39":1,"40":1,"41":1,"42":0,"43":10,"44":10,"45":1,"46":1,"47":0,"48":0,"49":0,"50":0,"51":0,"52":9,"53":0,"54":9,"55":98,"56":5,"57":5,"58":1,"59":1,"60":1,"61":0,"62":0,"63":0,"64":1,"65":5,"66":5,"67":1,"68":1,"69":1,"70":1,"71":1,"72":1,"73":0,"74":5,"75":5,"76":0,"77":0,"78":0,"79":0,"80":0,"81":0,"82":0,"83":5,"84":0,"85":5,"86":98,"87":22,"88":12,"89":98,"90":22,"91":5,"92":98,"93":6,"94":98,"95":98,"96":4},"f":{"0":98,"1":27,"2":27,"3":12,"4":1,"5":0,"6":5,"7":0,"8":1,"9":0,"10":22,"11":22,"12":6},"b":{"0":[1,26],"1":[27,7],"2":[1,11],"3":[2,9],"4":[1,9],"5":[10,1],"6":[0,9],"7":[9,0],"8":[1,4],"9":[1,4],"10":[0,5],"11":[5,0],"12":[0,5],"13":[5,0],"14":[12,10],"15":[5,17]},"_coverageSchema":"1a1c01bbd47fc00a2c39e90264f33305004495a9","hash":"270b14167c583ae5b14e7075955c1b7895f6ee3b"}
,"/home/lucas/trybe/projetosDaTrybe/sd-021-a-project-recipes-app/src/context/context.js": {"path":"/home/lucas/trybe/projetosDaTrybe/sd-021-a-project-recipes-app/src/context/context.js","statementMap":{"0":{"start":{"line":3,"column":16},"end":{"line":3,"column":31}}},"fnMap":{},"branchMap":{},"s":{"0":4},"f":{},"b":{},"_coverageSchema":"1a1c01bbd47fc00a2c39e90264f33305004495a9","hash":"9187ab05a5b3867e78bed1c92462205cde3f2302"}
,"/home/lucas/trybe/projetosDaTrybe/sd-021-a-project-recipes-app/src/pages/DoneRecipes.jsx": {"path":"/home/lucas/trybe/projetosDaTrybe/sd-021-a-project-recipes-app/src/pages/DoneRecipes.jsx","statementMap":{"0":{"start":{"line":7,"column":15},"end":{"line":7,"column":29}},"1":{"start":{"line":8,"column":15},"end":{"line":8,"column":20}},"2":{"start":{"line":9,"column":2},"end":{"line":11,"column":4}}},"fnMap":{"0":{"name":"DoneRecipes","decl":{"start":{"line":6,"column":9},"end":{"line":6,"column":20}},"loc":{"start":{"line":6,"column":23},"end":{"line":12,"column":1}},"line":6}},"branchMap":{},"s":{"0":0,"1":0,"2":0},"f":{"0":0},"b":{},"_coverageSchema":"1a1c01bbd47fc00a2c39e90264f33305004495a9","hash":"0020ae1808c6eec78d95e8c2f983774c1d710014"}
,"/home/lucas/trybe/projetosDaTrybe/sd-021-a-project-recipes-app/src/pages/Drinks.jsx": {"path":"/home/lucas/trybe/projetosDaTrybe/sd-021-a-project-recipes-app/src/pages/Drinks.jsx","statementMap":{"0":{"start":{"line":11,"column":17},"end":{"line":11,"column":25}},"1":{"start":{"line":12,"column":15},"end":{"line":12,"column":19}},"2":{"start":{"line":13,"column":18},"end":{"line":13,"column":30}},"3":{"start":{"line":14,"column":29},"end":{"line":14,"column":48}},"4":{"start":{"line":16,"column":2},"end":{"line":20,"column":32}},"5":{"start":{"line":17,"column":4},"end":{"line":19,"column":5}},"6":{"start":{"line":18,"column":6},"end":{"line":18,"column":59}},"7":{"start":{"line":22,"column":2},"end":{"line":40,"column":4}},"8":{"start":{"line":27,"column":10},"end":{"line":34,"column":16}}},"fnMap":{"0":{"name":"Drinks","decl":{"start":{"line":10,"column":9},"end":{"line":10,"column":15}},"loc":{"start":{"line":10,"column":18},"end":{"line":41,"column":1}},"line":10},"1":{"name":"(anonymous_1)","decl":{"start":{"line":16,"column":12},"end":{"line":16,"column":13}},"loc":{"start":{"line":16,"column":18},"end":{"line":20,"column":3}},"line":16},"2":{"name":"(anonymous_2)","decl":{"start":{"line":26,"column":28},"end":{"line":26,"column":29}},"loc":{"start":{"line":27,"column":10},"end":{"line":34,"column":16}},"line":27}},"branchMap":{"0":{"loc":{"start":{"line":17,"column":4},"end":{"line":19,"column":5}},"type":"if","locations":[{"start":{"line":17,"column":4},"end":{"line":19,"column":5}},{"start":{},"end":{}}],"line":17}},"s":{"0":28,"1":28,"2":28,"3":28,"4":28,"5":4,"6":1,"7":28,"8":1},"f":{"0":28,"1":4,"2":1},"b":{"0":[1,3]},"_coverageSchema":"1a1c01bbd47fc00a2c39e90264f33305004495a9","hash":"227735e88e4b7df79e09e0b1bc393252f1ee6fc1"}
,"/home/lucas/trybe/projetosDaTrybe/sd-021-a-project-recipes-app/src/pages/DrinksId.jsx": {"path":"/home/lucas/trybe/projetosDaTrybe/sd-021-a-project-recipes-app/src/pages/DrinksId.jsx","statementMap":{"0":{"start":{"line":8,"column":30},"end":{"line":8,"column":49}},"1":{"start":{"line":9,"column":17},"end":{"line":9,"column":28}},"2":{"start":{"line":10,"column":29},"end":{"line":15,"column":3}},"3":{"start":{"line":11,"column":16},"end":{"line":11,"column":80}},"4":{"start":{"line":12,"column":21},"end":{"line":12,"column":37}},"5":{"start":{"line":13,"column":21},"end":{"line":13,"column":42}},"6":{"start":{"line":14,"column":4},"end":{"line":14,"column":30}},"7":{"start":{"line":17,"column":2},"end":{"line":19,"column":9}},"8":{"start":{"line":18,"column":4},"end":{"line":18,"column":25}},"9":{"start":{"line":20,"column":2},"end":{"line":22,"column":4}}},"fnMap":{"0":{"name":"DrinkId","decl":{"start":{"line":7,"column":9},"end":{"line":7,"column":16}},"loc":{"start":{"line":7,"column":19},"end":{"line":23,"column":1}},"line":7},"1":{"name":"(anonymous_1)","decl":{"start":{"line":10,"column":29},"end":{"line":10,"column":30}},"loc":{"start":{"line":10,"column":41},"end":{"line":15,"column":3}},"line":10},"2":{"name":"(anonymous_2)","decl":{"start":{"line":17,"column":12},"end":{"line":17,"column":13}},"loc":{"start":{"line":17,"column":18},"end":{"line":19,"column":3}},"line":17}},"branchMap":{},"s":{"0":1,"1":1,"2":1,"3":1,"4":1,"5":1,"6":1,"7":1,"8":1,"9":1},"f":{"0":1,"1":1,"2":1},"b":{},"_coverageSchema":"1a1c01bbd47fc00a2c39e90264f33305004495a9","hash":"a8df8b20b3626ee6930cf20db7d6a86a05ba4905"}
,"/home/lucas/trybe/projetosDaTrybe/sd-021-a-project-recipes-app/src/pages/DrinksIdProgress.jsx": {"path":"/home/lucas/trybe/projetosDaTrybe/sd-021-a-project-recipes-app/src/pages/DrinksIdProgress.jsx","statementMap":{"0":{"start":{"line":6,"column":2},"end":{"line":6,"column":17}}},"fnMap":{"0":{"name":"DrinksIdProgress","decl":{"start":{"line":5,"column":9},"end":{"line":5,"column":25}},"loc":{"start":{"line":5,"column":28},"end":{"line":7,"column":1}},"line":5}},"branchMap":{},"s":{"0":0},"f":{"0":0},"b":{},"_coverageSchema":"1a1c01bbd47fc00a2c39e90264f33305004495a9","hash":"e726aa2a5183d718994d8de9770b04fce6c1b3e8"}
,"/home/lucas/trybe/projetosDaTrybe/sd-021-a-project-recipes-app/src/pages/FavoriteRecipes.jsx": {"path":"/home/lucas/trybe/projetosDaTrybe/sd-021-a-project-recipes-app/src/pages/FavoriteRecipes.jsx","statementMap":{"0":{"start":{"line":7,"column":19},"end":{"line":7,"column":37}},"1":{"start":{"line":8,"column":15},"end":{"line":8,"column":20}},"2":{"start":{"line":9,"column":2},"end":{"line":11,"column":4}}},"fnMap":{"0":{"name":"FavoritesRecipes","decl":{"start":{"line":6,"column":9},"end":{"line":6,"column":25}},"loc":{"start":{"line":6,"column":28},"end":{"line":12,"column":1}},"line":6}},"branchMap":{},"s":{"0":0,"1":0,"2":0},"f":{"0":0},"b":{},"_coverageSchema":"1a1c01bbd47fc00a2c39e90264f33305004495a9","hash":"e181aba15717a4352d4e9df5adbd7b32823e1c5c"}
,"/home/lucas/trybe/projetosDaTrybe/sd-021-a-project-recipes-app/src/pages/Foods.jsx": {"path":"/home/lucas/trybe/projetosDaTrybe/sd-021-a-project-recipes-app/src/pages/Foods.jsx","statementMap":{"0":{"start":{"line":9,"column":18},"end":{"line":9,"column":30}},"1":{"start":{"line":10,"column":28},"end":{"line":10,"column":47}},"2":{"start":{"line":11,"column":15},"end":{"line":11,"column":19}},"3":{"start":{"line":12,"column":16},"end":{"line":12,"column":23}},"4":{"start":{"line":14,"column":2},"end":{"line":18,"column":31}},"5":{"start":{"line":15,"column":4},"end":{"line":17,"column":5}},"6":{"start":{"line":16,"column":6},"end":{"line":16,"column":56}},"7":{"start":{"line":20,"column":2},"end":{"line":38,"column":4}},"8":{"start":{"line":25,"column":10},"end":{"line":32,"column":16}}},"fnMap":{"0":{"name":"Foods","decl":{"start":{"line":8,"column":9},"end":{"line":8,"column":14}},"loc":{"start":{"line":8,"column":17},"end":{"line":39,"column":1}},"line":8},"1":{"name":"(anonymous_1)","decl":{"start":{"line":14,"column":12},"end":{"line":14,"column":13}},"loc":{"start":{"line":14,"column":18},"end":{"line":18,"column":3}},"line":14},"2":{"name":"(anonymous_2)","decl":{"start":{"line":24,"column":27},"end":{"line":24,"column":28}},"loc":{"start":{"line":25,"column":10},"end":{"line":32,"column":16}},"line":25}},"branchMap":{"0":{"loc":{"start":{"line":15,"column":4},"end":{"line":17,"column":5}},"type":"if","locations":[{"start":{"line":15,"column":4},"end":{"line":17,"column":5}},{"start":{},"end":{}}],"line":15}},"s":{"0":42,"1":42,"2":42,"3":42,"4":42,"5":10,"6":1,"7":42,"8":1},"f":{"0":42,"1":10,"2":1},"b":{"0":[1,9]},"_coverageSchema":"1a1c01bbd47fc00a2c39e90264f33305004495a9","hash":"74786ba947365108aaad2732d03d6b8849c9168d"}
,"/home/lucas/trybe/projetosDaTrybe/sd-021-a-project-recipes-app/src/pages/FoodsId.jsx": {"path":"/home/lucas/trybe/projetosDaTrybe/sd-021-a-project-recipes-app/src/pages/FoodsId.jsx","statementMap":{"0":{"start":{"line":8,"column":25},"end":{"line":8,"column":44}},"1":{"start":{"line":9,"column":17},"end":{"line":9,"column":28}},"2":{"start":{"line":10,"column":28},"end":{"line":15,"column":3}},"3":{"start":{"line":11,"column":16},"end":{"line":11,"column":76}},"4":{"start":{"line":12,"column":21},"end":{"line":12,"column":37}},"5":{"start":{"line":13,"column":21},"end":{"line":13,"column":42}},"6":{"start":{"line":14,"column":4},"end":{"line":14,"column":25}},"7":{"start":{"line":17,"column":2},"end":{"line":19,"column":9}},"8":{"start":{"line":18,"column":4},"end":{"line":18,"column":24}},"9":{"start":{"line":20,"column":2},"end":{"line":22,"column":4}}},"fnMap":{"0":{"name":"FoodsId","decl":{"start":{"line":7,"column":9},"end":{"line":7,"column":16}},"loc":{"start":{"line":7,"column":19},"end":{"line":23,"column":1}},"line":7},"1":{"name":"(anonymous_1)","decl":{"start":{"line":10,"column":28},"end":{"line":10,"column":29}},"loc":{"start":{"line":10,"column":40},"end":{"line":15,"column":3}},"line":10},"2":{"name":"(anonymous_2)","decl":{"start":{"line":17,"column":12},"end":{"line":17,"column":13}},"loc":{"start":{"line":17,"column":18},"end":{"line":19,"column":3}},"line":17}},"branchMap":{},"s":{"0":1,"1":1,"2":1,"3":1,"4":1,"5":1,"6":1,"7":1,"8":1,"9":1},"f":{"0":1,"1":1,"2":1},"b":{},"_coverageSchema":"1a1c01bbd47fc00a2c39e90264f33305004495a9","hash":"63025052c08c51c84d2a9adb395ccf7f7a3fe1ef"}
,"/home/lucas/trybe/projetosDaTrybe/sd-021-a-project-recipes-app/src/pages/FoodsIdProgress.jsx": {"path":"/home/lucas/trybe/projetosDaTrybe/sd-021-a-project-recipes-app/src/pages/FoodsIdProgress.jsx","statementMap":{"0":{"start":{"line":6,"column":2},"end":{"line":6,"column":17}}},"fnMap":{"0":{"name":"FoodsIdProgress","decl":{"start":{"line":5,"column":9},"end":{"line":5,"column":24}},"loc":{"start":{"line":5,"column":27},"end":{"line":7,"column":1}},"line":5}},"branchMap":{},"s":{"0":0},"f":{"0":0},"b":{},"_coverageSchema":"1a1c01bbd47fc00a2c39e90264f33305004495a9","hash":"bba6bf2f428b4e92fdcdf64fd606de2b594f24c8"}
,"/home/lucas/trybe/projetosDaTrybe/sd-021-a-project-recipes-app/src/pages/Login.jsx": {"path":"/home/lucas/trybe/projetosDaTrybe/sd-021-a-project-recipes-app/src/pages/Login.jsx","statementMap":{"0":{"start":{"line":6,"column":52},"end":{"line":6,"column":71}},"1":{"start":{"line":7,"column":18},"end":{"line":7,"column":30}},"2":{"start":{"line":9,"column":23},"end":{"line":14,"column":3}},"3":{"start":{"line":10,"column":4},"end":{"line":10,"column":78}},"4":{"start":{"line":11,"column":4},"end":{"line":11,"column":44}},"5":{"start":{"line":12,"column":4},"end":{"line":12,"column":48}},"6":{"start":{"line":13,"column":4},"end":{"line":13,"column":27}},"7":{"start":{"line":16,"column":2},"end":{"line":45,"column":4}}},"fnMap":{"0":{"name":"Login","decl":{"start":{"line":5,"column":9},"end":{"line":5,"column":14}},"loc":{"start":{"line":5,"column":17},"end":{"line":46,"column":1}},"line":5},"1":{"name":"(anonymous_1)","decl":{"start":{"line":9,"column":23},"end":{"line":9,"column":24}},"loc":{"start":{"line":9,"column":29},"end":{"line":14,"column":3}},"line":9}},"branchMap":{},"s":{"0":32,"1":32,"2":32,"3":1,"4":1,"5":1,"6":1,"7":32},"f":{"0":32,"1":1},"b":{},"_coverageSchema":"1a1c01bbd47fc00a2c39e90264f33305004495a9","hash":"726c1beca2572ebfcdbf12f8b84d0c6e041c5aab"}
,"/home/lucas/trybe/projetosDaTrybe/sd-021-a-project-recipes-app/src/pages/Profile.jsx": {"path":"/home/lucas/trybe/projetosDaTrybe/sd-021-a-project-recipes-app/src/pages/Profile.jsx","statementMap":{"0":{"start":{"line":8,"column":18},"end":{"line":8,"column":27}},"1":{"start":{"line":9,"column":15},"end":{"line":9,"column":20}},"2":{"start":{"line":10,"column":2},"end":{"line":15,"column":4}}},"fnMap":{"0":{"name":"Profile","decl":{"start":{"line":7,"column":9},"end":{"line":7,"column":16}},"loc":{"start":{"line":7,"column":19},"end":{"line":16,"column":1}},"line":7}},"branchMap":{},"s":{"0":1,"1":1,"2":1},"f":{"0":1},"b":{},"_coverageSchema":"1a1c01bbd47fc00a2c39e90264f33305004495a9","hash":"205637096d1e962bf10abbb2efd1d025a06e3581"}
}
