TN:
SF:src/App.js
FN:6,App
FNF:1
FNH:1
FNDA:14,App
DA:7,14
LF:1
LH:1
BRF:0
BRH:0
end_of_record
TN:
SF:src/components/Footer.jsx
FN:8,Footer
FNF:1
FNH:1
FNDA:73,Footer
DA:9,73
LF:1
LH:1
BRF:0
BRH:0
end_of_record
TN:
SF:src/components/Header.jsx
FN:11,Header
FN:13,(anonymous_1)
FNF:2
FNH:2
FNDA:79,Header
FNDA:8,(anonymous_1)
DA:12,79
DA:13,79
DA:14,79
DA:36,4
LF:4
LH:4
BRDA:13,0,0,7
BRDA:13,0,1,1
BRDA:20,1,0,79
BRDA:20,1,1,78
BRDA:29,2,0,78
BRDA:29,2,1,48
BRF:6
BRH:6
end_of_record
TN:
SF:src/components/Recipes.jsx
FN:7,Recipes
FN:25,(anonymous_1)
FN:30,(anonymous_2)
FN:34,(anonymous_3)
FN:39,(anonymous_4)
FN:43,(anonymous_5)
FN:47,(anonymous_6)
FN:51,(anonymous_7)
FN:55,(anonymous_8)
FN:59,(anonymous_9)
FN:74,(anonymous_10)
FN:76,(anonymous_11)
FN:79,(anonymous_12)
FN:83,(anonymous_13)
FN:87,(anonymous_14)
FN:97,(anonymous_15)
FN:101,(anonymous_16)
FN:114,(anonymous_17)
FN:125,(anonymous_18)
FN:146,(anonymous_19)
FN:158,(anonymous_20)
FNF:21
FNH:16
FNDA:70,Recipes
FNDA:9,(anonymous_1)
FNDA:50,(anonymous_2)
FNDA:3,(anonymous_3)
FNDA:75,(anonymous_4)
FNDA:9,(anonymous_5)
FNDA:28,(anonymous_6)
FNDA:3,(anonymous_7)
FNDA:33,(anonymous_8)
FNDA:12,(anonymous_9)
FNDA:0,(anonymous_10)
FNDA:0,(anonymous_11)
FNDA:0,(anonymous_12)
FNDA:1,(anonymous_13)
FNDA:0,(anonymous_14)
FNDA:1,(anonymous_15)
FNDA:0,(anonymous_16)
FNDA:25,(anonymous_17)
FNDA:40,(anonymous_18)
FNDA:12,(anonymous_19)
FNDA:60,(anonymous_20)
DA:21,70
DA:22,70
DA:23,70
DA:25,70
DA:26,9
DA:27,9
DA:28,2
DA:29,2
DA:30,50
DA:31,2
DA:34,70
DA:35,3
DA:36,3
DA:37,3
DA:38,3
DA:39,75
DA:40,3
DA:43,70
DA:44,9
DA:45,9
DA:46,2
DA:47,28
DA:48,2
DA:51,70
DA:52,3
DA:53,3
DA:54,3
DA:55,33
DA:56,3
DA:59,70
DA:60,12
DA:61,9
DA:62,9
DA:63,9
DA:64,9
DA:66,12
DA:67,3
DA:68,3
DA:69,3
DA:70,3
DA:74,70
DA:75,0
DA:76,0
DA:78,0
DA:79,0
DA:83,70
DA:84,1
DA:85,1
DA:86,1
DA:87,1
DA:88,0
DA:89,0
DA:90,0
DA:92,0
DA:93,0
DA:97,70
DA:98,1
DA:99,1
DA:100,1
DA:101,0
DA:102,0
DA:103,0
DA:104,0
DA:106,0
DA:107,0
DA:111,70
DA:115,25
DA:126,40
DA:147,12
DA:159,60
LF:70
LH:55
BRDA:60,0,0,9
BRDA:60,0,1,3
BRDA:66,1,0,3
BRDA:66,1,1,9
BRDA:75,2,0,0
BRDA:75,2,1,0
BRDA:78,3,0,0
BRDA:78,3,1,0
BRDA:89,4,0,0
BRDA:89,4,1,0
BRDA:103,5,0,0
BRDA:103,5,1,0
BRF:12
BRH:4
end_of_record
TN:
SF:src/components/SearchBar.jsx
FN:6,SearchBar
FN:8,(anonymous_1)
FN:22,(anonymous_2)
FN:32,(anonymous_3)
FN:42,(anonymous_4)
FNF:5
FNH:5
FNDA:48,SearchBar
FNDA:20,(anonymous_1)
FNDA:2,(anonymous_2)
FNDA:3,(anonymous_3)
FNDA:1,(anonymous_4)
DA:7,48
DA:8,48
DA:9,20
DA:12,48
DA:22,2
DA:32,3
DA:42,1
LF:7
LH:7
BRF:0
BRH:0
end_of_record
TN:
SF:src/context/Provider.js
FN:6,ProviderRecipes
FN:28,(anonymous_1)
FN:29,(anonymous_2)
FN:38,(anonymous_3)
FN:55,(anonymous_4)
FN:66,(anonymous_5)
FN:79,(anonymous_6)
FN:85,(anonymous_7)
FN:96,(anonymous_8)
FN:107,(anonymous_9)
FN:119,(anonymous_10)
FN:125,(anonymous_11)
FN:131,(anonymous_12)
FNF:13
FNH:10
FNDA:98,ProviderRecipes
FNDA:27,(anonymous_1)
FNDA:27,(anonymous_2)
FNDA:12,(anonymous_3)
FNDA:1,(anonymous_4)
FNDA:0,(anonymous_5)
FNDA:5,(anonymous_6)
FNDA:0,(anonymous_7)
FNDA:1,(anonymous_8)
FNDA:0,(anonymous_9)
FNDA:22,(anonymous_10)
FNDA:22,(anonymous_11)
FNDA:6,(anonymous_12)
DA:7,98
DA:8,98
DA:9,98
DA:13,98
DA:14,98
DA:15,98
DA:16,98
DA:17,98
DA:18,98
DA:19,98
DA:20,98
DA:21,98
DA:22,98
DA:23,98
DA:24,98
DA:25,98
DA:26,98
DA:28,98
DA:29,27
DA:30,27
DA:31,27
DA:32,27
DA:33,1
DA:35,26
DA:38,98
DA:39,12
DA:40,12
DA:41,1
DA:42,1
DA:43,0
DA:44,0
DA:45,0
DA:48,0
DA:50,11
DA:51,11
DA:52,2
DA:53,2
DA:54,1
DA:55,1
DA:56,1
DA:59,0
DA:61,10
DA:62,10
DA:63,1
DA:64,1
DA:65,0
DA:66,0
DA:67,0
DA:70,0
DA:73,9
DA:74,0
DA:76,9
DA:79,98
DA:80,5
DA:81,5
DA:82,1
DA:83,1
DA:84,1
DA:85,0
DA:86,0
DA:89,1
DA:91,5
DA:92,5
DA:93,1
DA:94,1
DA:95,1
DA:96,1
DA:97,1
DA:100,0
DA:102,5
DA:103,5
DA:104,0
DA:105,0
DA:106,0
DA:107,0
DA:108,0
DA:111,0
DA:113,5
DA:114,0
DA:116,5
DA:119,98
DA:120,22
DA:121,12
DA:125,98
DA:126,22
DA:127,5
DA:131,98
DA:132,6
DA:135,98
DA:164,98
DA:171,4
LF:91
LH:71
BRDA:32,0,0,1
BRDA:32,0,1,26
BRDA:32,1,0,27
BRDA:32,1,1,7
BRDA:40,2,0,1
BRDA:40,2,1,11
BRDA:51,3,0,2
BRDA:51,3,1,9
BRDA:62,4,0,1
BRDA:62,4,1,9
BRDA:62,5,0,10
BRDA:62,5,1,1
BRDA:73,6,0,0
BRDA:73,6,1,9
BRDA:73,7,0,9
BRDA:73,7,1,0
BRDA:81,8,0,1
BRDA:81,8,1,4
BRDA:92,9,0,1
BRDA:92,9,1,4
BRDA:103,10,0,0
BRDA:103,10,1,5
BRDA:103,11,0,5
BRDA:103,11,1,0
BRDA:113,12,0,0
BRDA:113,12,1,5
BRDA:113,13,0,5
BRDA:113,13,1,0
BRDA:120,14,0,12
BRDA:120,14,1,10
BRDA:126,15,0,5
BRDA:126,15,1,17
BRF:32
BRH:26
end_of_record
TN:
SF:src/context/context.js
FNF:0
FNH:0
DA:3,4
LF:1
LH:1
BRF:0
BRH:0
end_of_record
TN:
SF:src/pages/DoneRecipes.jsx
FN:6,DoneRecipes
FNF:1
FNH:0
FNDA:0,DoneRecipes
DA:7,0
DA:8,0
DA:9,0
LF:3
LH:0
BRF:0
BRH:0
end_of_record
TN:
SF:src/pages/Drinks.jsx
FN:10,Drinks
FN:16,(anonymous_1)
FN:26,(anonymous_2)
FNF:3
FNH:3
FNDA:28,Drinks
FNDA:4,(anonymous_1)
FNDA:1,(anonymous_2)
DA:11,28
DA:12,28
DA:13,28
DA:14,28
DA:16,28
DA:17,4
DA:18,1
DA:22,28
DA:27,1
LF:9
LH:9
BRDA:17,0,0,1
BRDA:17,0,1,3
BRF:2
BRH:2
end_of_record
TN:
SF:src/pages/DrinksId.jsx
FN:7,DrinkId
FN:10,(anonymous_1)
FN:17,(anonymous_2)
FNF:3
FNH:3
FNDA:1,DrinkId
FNDA:1,(anonymous_1)
FNDA:1,(anonymous_2)
DA:8,1
DA:9,1
DA:10,1
DA:11,1
DA:12,1
DA:13,1
DA:14,1
DA:17,1
DA:18,1
DA:20,1
LF:10
LH:10
BRF:0
BRH:0
end_of_record
TN:
SF:src/pages/DrinksIdProgress.jsx
FN:5,DrinksIdProgress
FNF:1
FNH:0
FNDA:0,DrinksIdProgress
DA:6,0
LF:1
LH:0
BRF:0
BRH:0
end_of_record
TN:
SF:src/pages/FavoriteRecipes.jsx
FN:6,FavoritesRecipes
FNF:1
FNH:0
FNDA:0,FavoritesRecipes
DA:7,0
DA:8,0
DA:9,0
LF:3
LH:0
BRF:0
BRH:0
end_of_record
TN:
SF:src/pages/Foods.jsx
FN:8,Foods
FN:14,(anonymous_1)
FN:24,(anonymous_2)
FNF:3
FNH:3
FNDA:42,Foods
FNDA:10,(anonymous_1)
FNDA:1,(anonymous_2)
DA:9,42
DA:10,42
DA:11,42
DA:12,42
DA:14,42
DA:15,10
DA:16,1
DA:20,42
DA:25,1
LF:9
LH:9
BRDA:15,0,0,1
BRDA:15,0,1,9
BRF:2
BRH:2
end_of_record
TN:
SF:src/pages/FoodsId.jsx
FN:7,FoodsId
FN:10,(anonymous_1)
FN:17,(anonymous_2)
FNF:3
FNH:3
FNDA:1,FoodsId
FNDA:1,(anonymous_1)
FNDA:1,(anonymous_2)
DA:8,1
DA:9,1
DA:10,1
DA:11,1
DA:12,1
DA:13,1
DA:14,1
DA:17,1
DA:18,1
DA:20,1
LF:10
LH:10
BRF:0
BRH:0
end_of_record
TN:
SF:src/pages/FoodsIdProgress.jsx
FN:5,FoodsIdProgress
FNF:1
FNH:0
FNDA:0,FoodsIdProgress
DA:6,0
LF:1
LH:0
BRF:0
BRH:0
end_of_record
TN:
SF:src/pages/Login.jsx
FN:5,Login
FN:9,(anonymous_1)
FNF:2
FNH:2
FNDA:32,Login
FNDA:1,(anonymous_1)
DA:6,32
DA:7,32
DA:9,32
DA:10,1
DA:11,1
DA:12,1
DA:13,1
DA:16,32
LF:8
LH:8
BRF:0
BRH:0
end_of_record
TN:
SF:src/pages/Profile.jsx
FN:7,Profile
FNF:1
FNH:1
FNDA:1,Profile
DA:8,1
DA:9,1
DA:10,1
LF:3
LH:3
BRF:0
BRH:0
end_of_record
