<?xml version="1.0" encoding="UTF-8"?>
<coverage generated="1657743427108" clover="3.2.0">
  <project timestamp="1657743427108" name="All files">
    <metrics statements="54" coveredstatements="54" conditionals="6" coveredconditionals="6" methods="25" coveredmethods="25" elements="85" coveredelements="85" complexity="0" loc="54" ncloc="54" packages="4" files="6" classes="6"/>
    <package name="src">
      <metrics statements="1" coveredstatements="1" conditionals="0" coveredconditionals="0" methods="1" coveredmethods="1"/>
      <file name="App.js" path="/home/lucas/trybe/projetosDaTrybe/sd-021-a-project-starwars-planets-search/src/App.js">
        <metrics statements="1" coveredstatements="1" conditionals="0" coveredconditionals="0" methods="1" coveredmethods="1"/>
        <line num="7" count="8" type="stmt"/>
      </file>
    </package>
    <package name="src.components">
      <metrics statements="15" coveredstatements="15" conditionals="2" coveredconditionals="2" methods="12" coveredmethods="12"/>
      <file name="Filter.js" path="/home/lucas/trybe/projetosDaTrybe/sd-021-a-project-starwars-planets-search/src/components/Filter.js">
        <metrics statements="8" coveredstatements="8" conditionals="0" coveredconditionals="0" methods="6" coveredmethods="6"/>
        <line num="12" count="74" type="stmt"/>
        <line num="14" count="74" type="stmt"/>
        <line num="15" count="9" type="stmt"/>
        <line num="18" count="74" type="stmt"/>
        <line num="19" count="42" type="stmt"/>
        <line num="22" count="74" type="stmt"/>
        <line num="33" count="9" type="stmt"/>
        <line num="46" count="363" type="stmt"/>
      </file>
      <file name="Table.js" path="/home/lucas/trybe/projetosDaTrybe/sd-021-a-project-starwars-planets-search/src/components/Table.js">
        <metrics statements="7" coveredstatements="7" conditionals="2" coveredconditionals="2" methods="6" coveredmethods="6"/>
        <line num="6" count="82" type="stmt"/>
        <line num="8" count="82" type="stmt"/>
        <line num="14" count="5" type="stmt"/>
        <line num="33" count="962" type="stmt"/>
        <line num="39" count="708" type="stmt"/>
        <line num="41" count="628" type="stmt"/>
        <line num="43" count="8164" type="stmt"/>
      </file>
    </package>
    <package name="src.context">
      <metrics statements="37" coveredstatements="37" conditionals="4" coveredconditionals="4" methods="12" coveredmethods="12"/>
      <file name="StarWarsProvider.js" path="/home/lucas/trybe/projetosDaTrybe/sd-021-a-project-starwars-planets-search/src/context/StarWarsProvider.js">
        <metrics statements="36" coveredstatements="36" conditionals="4" coveredconditionals="4" methods="12" coveredmethods="12"/>
        <line num="6" count="82" type="stmt"/>
        <line num="7" count="82" type="stmt"/>
        <line num="12" count="82" type="stmt"/>
        <line num="19" count="82" type="stmt"/>
        <line num="20" count="82" type="stmt"/>
        <line num="21" count="82" type="stmt"/>
        <line num="23" count="82" type="stmt"/>
        <line num="24" count="8" type="stmt"/>
        <line num="27" count="8" type="stmt"/>
        <line num="28" count="8" type="stmt"/>
        <line num="29" count="80" type="stmt"/>
        <line num="31" count="8" type="stmt"/>
        <line num="32" count="8" type="stmt"/>
        <line num="35" count="82" type="stmt"/>
        <line num="36" count="5" type="stmt"/>
        <line num="37" count="5" type="stmt"/>
        <line num="39" count="5" type="stmt"/>
        <line num="40" count="50" type="cond" truecount="2" falsecount="0"/>
        <line num="41" count="30" type="stmt"/>
        <line num="43" count="20" type="cond" truecount="2" falsecount="0"/>
        <line num="44" count="10" type="stmt"/>
        <line num="46" count="10" type="stmt"/>
        <line num="48" count="5" type="stmt"/>
        <line num="49" count="25" type="stmt"/>
        <line num="50" count="5" type="stmt"/>
        <line num="51" count="5" type="stmt"/>
        <line num="54" count="82" type="stmt"/>
        <line num="55" count="1" type="stmt"/>
        <line num="58" count="82" type="stmt"/>
        <line num="59" count="1" type="stmt"/>
        <line num="60" count="1" type="stmt"/>
        <line num="63" count="82" type="stmt"/>
        <line num="64" count="8" type="stmt"/>
        <line num="67" count="82" type="stmt"/>
        <line num="81" count="82" type="stmt"/>
        <line num="86" count="1" type="stmt"/>
      </file>
      <file name="context.js" path="/home/lucas/trybe/projetosDaTrybe/sd-021-a-project-starwars-planets-search/src/context/context.js">
        <metrics statements="1" coveredstatements="1" conditionals="0" coveredconditionals="0" methods="0" coveredmethods="0"/>
        <line num="3" count="1" type="stmt"/>
      </file>
    </package>
    <package name="src.tests">
      <metrics statements="1" coveredstatements="1" conditionals="0" coveredconditionals="0" methods="0" coveredmethods="0"/>
      <file name="DataMock.js" path="/home/lucas/trybe/projetosDaTrybe/sd-021-a-project-starwars-planets-search/src/tests/DataMock.js">
        <metrics statements="1" coveredstatements="1" conditionals="0" coveredconditionals="0" methods="0" coveredmethods="0"/>
        <line num="1" count="1" type="stmt"/>
      </file>
    </package>
  </project>
</coverage>
