{"/home/lucas/trybe/projetosDaTrybe/sd-021-a-project-starwars-planets-search/src/App.js": {"path":"/home/lucas/trybe/projetosDaTrybe/sd-021-a-project-starwars-planets-search/src/App.js","statementMap":{"0":{"start":{"line":7,"column":2},"end":{"line":11,"column":4}}},"fnMap":{"0":{"name":"App","decl":{"start":{"line":6,"column":9},"end":{"line":6,"column":12}},"loc":{"start":{"line":6,"column":15},"end":{"line":12,"column":1}},"line":6}},"branchMap":{},"s":{"0":8},"f":{"0":8},"b":{},"_coverageSchema":"1a1c01bbd47fc00a2c39e90264f33305004495a9","hash":"c8487fbccc9fd116e990f05376e103d69d640a8d"}
,"/home/lucas/trybe/projetosDaTrybe/sd-021-a-project-starwars-planets-search/src/components/Filter.js": {"path":"/home/lucas/trybe/projetosDaTrybe/sd-021-a-project-starwars-planets-search/src/components/Filter.js","statementMap":{"0":{"start":{"line":12,"column":6},"end":{"line":12,"column":29}},"1":{"start":{"line":14,"column":23},"end":{"line":16,"column":3}},"2":{"start":{"line":15,"column":4},"end":{"line":15,"column":24}},"3":{"start":{"line":18,"column":24},"end":{"line":20,"column":3}},"4":{"start":{"line":19,"column":4},"end":{"line":19,"column":62}},"5":{"start":{"line":19,"column":29},"end":{"line":19,"column":59}},"6":{"start":{"line":22,"column":2},"end":{"line":82,"column":4}},"7":{"start":{"line":33,"column":37},"end":{"line":33,"column":63}},"8":{"start":{"line":46,"column":10},"end":{"line":46,"column":47}}},"fnMap":{"0":{"name":"Filter","decl":{"start":{"line":4,"column":9},"end":{"line":4,"column":15}},"loc":{"start":{"line":4,"column":18},"end":{"line":83,"column":1}},"line":4},"1":{"name":"(anonymous_1)","decl":{"start":{"line":14,"column":23},"end":{"line":14,"column":24}},"loc":{"start":{"line":14,"column":33},"end":{"line":16,"column":3}},"line":14},"2":{"name":"(anonymous_2)","decl":{"start":{"line":18,"column":24},"end":{"line":18,"column":25}},"loc":{"start":{"line":18,"column":57},"end":{"line":20,"column":3}},"line":18},"3":{"name":"(anonymous_3)","decl":{"start":{"line":19,"column":14},"end":{"line":19,"column":15}},"loc":{"start":{"line":19,"column":29},"end":{"line":19,"column":59}},"line":19},"4":{"name":"(anonymous_4)","decl":{"start":{"line":33,"column":21},"end":{"line":33,"column":22}},"loc":{"start":{"line":33,"column":37},"end":{"line":33,"column":63}},"line":33},"5":{"name":"(anonymous_5)","decl":{"start":{"line":45,"column":25},"end":{"line":45,"column":26}},"loc":{"start":{"line":46,"column":10},"end":{"line":46,"column":47}},"line":46}},"branchMap":{},"s":{"0":74,"1":74,"2":9,"3":74,"4":42,"5":42,"6":74,"7":9,"8":363},"f":{"0":74,"1":9,"2":42,"3":42,"4":9,"5":363},"b":{},"_coverageSchema":"1a1c01bbd47fc00a2c39e90264f33305004495a9","hash":"2952b135276ff6fedb7f8331a6ea5be37e83b710"}
,"/home/lucas/trybe/projetosDaTrybe/sd-021-a-project-starwars-planets-search/src/components/Table.js": {"path":"/home/lucas/trybe/projetosDaTrybe/sd-021-a-project-starwars-planets-search/src/components/Table.js","statementMap":{"0":{"start":{"line":6,"column":52},"end":{"line":6,"column":75}},"1":{"start":{"line":8,"column":2},"end":{"line":51,"column":4}},"2":{"start":{"line":14,"column":12},"end":{"line":26,"column":16}},"3":{"start":{"line":33,"column":16},"end":{"line":33,"column":45}},"4":{"start":{"line":39,"column":32},"end":{"line":39,"column":76}},"5":{"start":{"line":41,"column":16},"end":{"line":45,"column":21}},"6":{"start":{"line":43,"column":20},"end":{"line":43,"column":50}}},"fnMap":{"0":{"name":"Table","decl":{"start":{"line":5,"column":9},"end":{"line":5,"column":14}},"loc":{"start":{"line":5,"column":17},"end":{"line":52,"column":1}},"line":5},"1":{"name":"(anonymous_1)","decl":{"start":{"line":13,"column":21},"end":{"line":13,"column":22}},"loc":{"start":{"line":14,"column":12},"end":{"line":26,"column":16}},"line":14},"2":{"name":"(anonymous_2)","decl":{"start":{"line":32,"column":40},"end":{"line":32,"column":41}},"loc":{"start":{"line":33,"column":16},"end":{"line":33,"column":45}},"line":33},"3":{"name":"(anonymous_3)","decl":{"start":{"line":39,"column":22},"end":{"line":39,"column":23}},"loc":{"start":{"line":39,"column":32},"end":{"line":39,"column":76}},"line":39},"4":{"name":"(anonymous_4)","decl":{"start":{"line":40,"column":19},"end":{"line":40,"column":20}},"loc":{"start":{"line":41,"column":16},"end":{"line":45,"column":21}},"line":41},"5":{"name":"(anonymous_5)","decl":{"start":{"line":42,"column":45},"end":{"line":42,"column":46}},"loc":{"start":{"line":43,"column":20},"end":{"line":43,"column":50}},"line":43}},"branchMap":{"0":{"loc":{"start":{"line":9,"column":4},"end":{"line":50,"column":5}},"type":"binary-expr","locations":[{"start":{"line":9,"column":4},"end":{"line":9,"column":15}},{"start":{"line":10,"column":6},"end":{"line":49,"column":12}}],"line":9}},"s":{"0":82,"1":82,"2":5,"3":962,"4":708,"5":628,"6":8164},"f":{"0":82,"1":5,"2":962,"3":708,"4":628,"5":8164},"b":{"0":[82,74]},"_coverageSchema":"1a1c01bbd47fc00a2c39e90264f33305004495a9","hash":"44b27b3eb4222c2ce742c2bc23a99e78348b1fdd"}
,"/home/lucas/trybe/projetosDaTrybe/sd-021-a-project-starwars-planets-search/src/context/StarWarsProvider.js": {"path":"/home/lucas/trybe/projetosDaTrybe/sd-021-a-project-starwars-planets-search/src/context/StarWarsProvider.js","statementMap":{"0":{"start":{"line":6,"column":26},"end":{"line":6,"column":38}},"1":{"start":{"line":7,"column":35},"end":{"line":11,"column":4}},"2":{"start":{"line":12,"column":41},"end":{"line":18,"column":4}},"3":{"start":{"line":19,"column":28},"end":{"line":19,"column":40}},"4":{"start":{"line":20,"column":38},"end":{"line":20,"column":50}},"5":{"start":{"line":21,"column":35},"end":{"line":21,"column":47}},"6":{"start":{"line":23,"column":22},"end":{"line":33,"column":3}},"7":{"start":{"line":24,"column":21},"end":{"line":26,"column":5}},"8":{"start":{"line":27,"column":21},"end":{"line":27,"column":42}},"9":{"start":{"line":28,"column":23},"end":{"line":30,"column":5}},"10":{"start":{"line":29,"column":19},"end":{"line":29,"column":43}},"11":{"start":{"line":31,"column":4},"end":{"line":31,"column":24}},"12":{"start":{"line":32,"column":4},"end":{"line":32,"column":28}},"13":{"start":{"line":35,"column":32},"end":{"line":52,"column":3}},"14":{"start":{"line":36,"column":41},"end":{"line":36,"column":52}},"15":{"start":{"line":37,"column":4},"end":{"line":37,"column":76}},"16":{"start":{"line":37,"column":29},"end":{"line":37,"column":73}},"17":{"start":{"line":39,"column":28},"end":{"line":47,"column":6}},"18":{"start":{"line":40,"column":6},"end":{"line":42,"column":7}},"19":{"start":{"line":41,"column":8},"end":{"line":41,"column":56}},"20":{"start":{"line":43,"column":6},"end":{"line":45,"column":7}},"21":{"start":{"line":44,"column":8},"end":{"line":44,"column":56}},"22":{"start":{"line":46,"column":6},"end":{"line":46,"column":56}},"23":{"start":{"line":48,"column":4},"end":{"line":48,"column":29}},"24":{"start":{"line":49,"column":18},"end":{"line":49,"column":70}},"25":{"start":{"line":49,"column":44},"end":{"line":49,"column":69}},"26":{"start":{"line":50,"column":4},"end":{"line":50,"column":27}},"27":{"start":{"line":51,"column":4},"end":{"line":51,"column":68}},"28":{"start":{"line":51,"column":30},"end":{"line":51,"column":65}},"29":{"start":{"line":54,"column":23},"end":{"line":56,"column":3}},"30":{"start":{"line":55,"column":4},"end":{"line":55,"column":60}},"31":{"start":{"line":55,"column":36},"end":{"line":55,"column":57}},"32":{"start":{"line":58,"column":33},"end":{"line":61,"column":3}},"33":{"start":{"line":59,"column":4},"end":{"line":59,"column":17}},"34":{"start":{"line":60,"column":4},"end":{"line":60,"column":23}},"35":{"start":{"line":63,"column":2},"end":{"line":65,"column":9}},"36":{"start":{"line":64,"column":4},"end":{"line":64,"column":18}},"37":{"start":{"line":67,"column":23},"end":{"line":79,"column":3}},"38":{"start":{"line":81,"column":2},"end":{"line":83,"column":4}},"39":{"start":{"line":86,"column":0},"end":{"line":86,"column":65}}},"fnMap":{"0":{"name":"ProviderData","decl":{"start":{"line":5,"column":9},"end":{"line":5,"column":21}},"loc":{"start":{"line":5,"column":36},"end":{"line":84,"column":1}},"line":5},"1":{"name":"(anonymous_1)","decl":{"start":{"line":23,"column":22},"end":{"line":23,"column":23}},"loc":{"start":{"line":23,"column":34},"end":{"line":33,"column":3}},"line":23},"2":{"name":"(anonymous_2)","decl":{"start":{"line":29,"column":6},"end":{"line":29,"column":7}},"loc":{"start":{"line":29,"column":19},"end":{"line":29,"column":43}},"line":29},"3":{"name":"(anonymous_3)","decl":{"start":{"line":35,"column":32},"end":{"line":35,"column":33}},"loc":{"start":{"line":35,"column":38},"end":{"line":52,"column":3}},"line":35},"4":{"name":"(anonymous_4)","decl":{"start":{"line":37,"column":13},"end":{"line":37,"column":14}},"loc":{"start":{"line":37,"column":29},"end":{"line":37,"column":73}},"line":37},"5":{"name":"(anonymous_5)","decl":{"start":{"line":39,"column":40},"end":{"line":39,"column":41}},"loc":{"start":{"line":39,"column":50},"end":{"line":47,"column":5}},"line":39},"6":{"name":"(anonymous_6)","decl":{"start":{"line":49,"column":37},"end":{"line":49,"column":38}},"loc":{"start":{"line":49,"column":44},"end":{"line":49,"column":69}},"line":49},"7":{"name":"(anonymous_7)","decl":{"start":{"line":51,"column":14},"end":{"line":51,"column":15}},"loc":{"start":{"line":51,"column":30},"end":{"line":51,"column":65}},"line":51},"8":{"name":"(anonymous_8)","decl":{"start":{"line":54,"column":23},"end":{"line":54,"column":24}},"loc":{"start":{"line":54,"column":49},"end":{"line":56,"column":3}},"line":54},"9":{"name":"(anonymous_9)","decl":{"start":{"line":55,"column":26},"end":{"line":55,"column":27}},"loc":{"start":{"line":55,"column":36},"end":{"line":55,"column":57}},"line":55},"10":{"name":"(anonymous_10)","decl":{"start":{"line":58,"column":33},"end":{"line":58,"column":34}},"loc":{"start":{"line":58,"column":39},"end":{"line":61,"column":3}},"line":58},"11":{"name":"(anonymous_11)","decl":{"start":{"line":63,"column":12},"end":{"line":63,"column":13}},"loc":{"start":{"line":63,"column":18},"end":{"line":65,"column":3}},"line":63}},"branchMap":{"0":{"loc":{"start":{"line":40,"column":6},"end":{"line":42,"column":7}},"type":"if","locations":[{"start":{"line":40,"column":6},"end":{"line":42,"column":7}},{"start":{},"end":{}}],"line":40},"1":{"loc":{"start":{"line":43,"column":6},"end":{"line":45,"column":7}},"type":"if","locations":[{"start":{"line":43,"column":6},"end":{"line":45,"column":7}},{"start":{},"end":{}}],"line":43}},"s":{"0":82,"1":82,"2":82,"3":82,"4":82,"5":82,"6":82,"7":8,"8":8,"9":8,"10":80,"11":8,"12":8,"13":82,"14":5,"15":5,"16":5,"17":5,"18":50,"19":30,"20":20,"21":10,"22":10,"23":5,"24":5,"25":25,"26":5,"27":5,"28":5,"29":82,"30":1,"31":1,"32":82,"33":1,"34":1,"35":82,"36":8,"37":82,"38":82,"39":1},"f":{"0":82,"1":8,"2":80,"3":5,"4":5,"5":50,"6":25,"7":5,"8":1,"9":1,"10":1,"11":8},"b":{"0":[30,20],"1":[10,10]},"_coverageSchema":"1a1c01bbd47fc00a2c39e90264f33305004495a9","hash":"676ab96274d03b6e6423c3fcc7dfd923a5ba7fea"}
,"/home/lucas/trybe/projetosDaTrybe/sd-021-a-project-starwars-planets-search/src/context/context.js": {"path":"/home/lucas/trybe/projetosDaTrybe/sd-021-a-project-starwars-planets-search/src/context/context.js","statementMap":{"0":{"start":{"line":3,"column":20},"end":{"line":3,"column":35}}},"fnMap":{},"branchMap":{},"s":{"0":1},"f":{},"b":{},"_coverageSchema":"1a1c01bbd47fc00a2c39e90264f33305004495a9","hash":"0ff5e32edec2f30d524e15703fd938a8a3a1b24b"}
,"/home/lucas/trybe/projetosDaTrybe/sd-021-a-project-starwars-planets-search/src/tests/DataMock.js": {"path":"/home/lucas/trybe/projetosDaTrybe/sd-021-a-project-starwars-planets-search/src/tests/DataMock.js","statementMap":{"0":{"start":{"line":1,"column":17},"end":{"line":239,"column":1}}},"fnMap":{},"branchMap":{},"s":{"0":1},"f":{},"b":{},"_coverageSchema":"1a1c01bbd47fc00a2c39e90264f33305004495a9","hash":"44080abf4ebce01acb0cbd2ba308ad3b1b1e2a26"}
}
