{"total": {"lines":{"total":77,"covered":22,"skipped":0,"pct":28.57},"statements":{"total":82,"covered":22,"skipped":0,"pct":26.82},"functions":{"total":29,"covered":5,"skipped":0,"pct":17.24},"branches":{"total":14,"covered":1,"skipped":0,"pct":7.14},"branchesTrue":{"total":0,"covered":0,"skipped":0,"pct":100}}
,"/home/lucas/trybe/projetosDaTrybe/sd-021-a-project-starwars-planets-search/src/App.css": {"lines":{"total":1,"covered":1,"skipped":0,"pct":100},"functions":{"total":0,"covered":0,"skipped":0,"pct":100},"statements":{"total":1,"covered":1,"skipped":0,"pct":100},"branches":{"total":0,"covered":0,"skipped":0,"pct":100}}
,"/home/lucas/trybe/projetosDaTrybe/sd-021-a-project-starwars-planets-search/src/App.js": {"lines":{"total":1,"covered":1,"skipped":0,"pct":100},"functions":{"total":1,"covered":1,"skipped":0,"pct":100},"statements":{"total":1,"covered":1,"skipped":0,"pct":100},"branches":{"total":0,"covered":0,"skipped":0,"pct":100}}
,"/home/lucas/trybe/projetosDaTrybe/sd-021-a-project-starwars-planets-search/src/components/Filter.js": {"lines":{"total":8,"covered":0,"skipped":0,"pct":0},"functions":{"total":6,"covered":0,"skipped":0,"pct":0},"statements":{"total":9,"covered":0,"skipped":0,"pct":0},"branches":{"total":0,"covered":0,"skipped":0,"pct":100}}
,"/home/lucas/trybe/projetosDaTrybe/sd-021-a-project-starwars-planets-search/src/components/Table.js": {"lines":{"total":7,"covered":2,"skipped":0,"pct":28.57},"functions":{"total":6,"covered":1,"skipped":0,"pct":16.66},"statements":{"total":7,"covered":2,"skipped":0,"pct":28.57},"branches":{"total":2,"covered":1,"skipped":0,"pct":50}}
,"/home/lucas/trybe/projetosDaTrybe/sd-021-a-project-starwars-planets-search/src/context/StarWarsProvider.js": {"lines":{"total":37,"covered":17,"skipped":0,"pct":45.94},"functions":{"total":12,"covered":3,"skipped":0,"pct":25},"statements":{"total":41,"covered":17,"skipped":0,"pct":41.46},"branches":{"total":6,"covered":0,"skipped":0,"pct":0}}
,"/home/lucas/trybe/projetosDaTrybe/sd-021-a-project-starwars-planets-search/src/context/context.js": {"lines":{"total":1,"covered":1,"skipped":0,"pct":100},"functions":{"total":0,"covered":0,"skipped":0,"pct":100},"statements":{"total":1,"covered":1,"skipped":0,"pct":100},"branches":{"total":0,"covered":0,"skipped":0,"pct":100}}
,"/home/lucas/trybe/projetosDaTrybe/sd-021-a-project-starwars-planets-search/src/hooks/useFetch.js": {"lines":{"total":22,"covered":0,"skipped":0,"pct":0},"functions":{"total":4,"covered":0,"skipped":0,"pct":0},"statements":{"total":22,"covered":0,"skipped":0,"pct":0},"branches":{"total":6,"covered":0,"skipped":0,"pct":0}}
}
