TN:
SF:src/App.js
FN:6,App
FNF:1
FNH:1
FNDA:8,App
DA:7,8
LF:1
LH:1
BRF:0
BRH:0
end_of_record
TN:
SF:src/components/Filter.js
FN:4,Filter
FN:14,(anonymous_1)
FN:18,(anonymous_2)
FN:19,(anonymous_3)
FN:33,(anonymous_4)
FN:45,(anonymous_5)
FNF:6
FNH:6
FNDA:74,Filter
FNDA:9,(anonymous_1)
FNDA:42,(anonymous_2)
FNDA:42,(anonymous_3)
FNDA:9,(anonymous_4)
FNDA:363,(anonymous_5)
DA:12,74
DA:14,74
DA:15,9
DA:18,74
DA:19,42
DA:22,74
DA:33,9
DA:46,363
LF:8
LH:8
BRF:0
BRH:0
end_of_record
TN:
SF:src/components/Table.js
FN:5,Table
FN:13,(anonymous_1)
FN:32,(anonymous_2)
FN:39,(anonymous_3)
FN:40,(anonymous_4)
FN:42,(anonymous_5)
FNF:6
FNH:6
FNDA:82,Table
FNDA:5,(anonymous_1)
FNDA:962,(anonymous_2)
FNDA:708,(anonymous_3)
FNDA:628,(anonymous_4)
FNDA:8164,(anonymous_5)
DA:6,82
DA:8,82
DA:14,5
DA:33,962
DA:39,708
DA:41,628
DA:43,8164
LF:7
LH:7
BRDA:9,0,0,82
BRDA:9,0,1,74
BRF:2
BRH:2
end_of_record
TN:
SF:src/context/StarWarsProvider.js
FN:5,ProviderData
FN:23,(anonymous_1)
FN:29,(anonymous_2)
FN:35,(anonymous_3)
FN:37,(anonymous_4)
FN:39,(anonymous_5)
FN:49,(anonymous_6)
FN:51,(anonymous_7)
FN:54,(anonymous_8)
FN:55,(anonymous_9)
FN:58,(anonymous_10)
FN:63,(anonymous_11)
FNF:12
FNH:12
FNDA:82,ProviderData
FNDA:8,(anonymous_1)
FNDA:80,(anonymous_2)
FNDA:5,(anonymous_3)
FNDA:5,(anonymous_4)
FNDA:50,(anonymous_5)
FNDA:25,(anonymous_6)
FNDA:5,(anonymous_7)
FNDA:1,(anonymous_8)
FNDA:1,(anonymous_9)
FNDA:1,(anonymous_10)
FNDA:8,(anonymous_11)
DA:6,82
DA:7,82
DA:12,82
DA:19,82
DA:20,82
DA:21,82
DA:23,82
DA:24,8
DA:27,8
DA:28,8
DA:29,80
DA:31,8
DA:32,8
DA:35,82
DA:36,5
DA:37,5
DA:39,5
DA:40,50
DA:41,30
DA:43,20
DA:44,10
DA:46,10
DA:48,5
DA:49,25
DA:50,5
DA:51,5
DA:54,82
DA:55,1
DA:58,82
DA:59,1
DA:60,1
DA:63,82
DA:64,8
DA:67,82
DA:81,82
DA:86,1
LF:36
LH:36
BRDA:40,0,0,30
BRDA:40,0,1,20
BRDA:43,1,0,10
BRDA:43,1,1,10
BRF:4
BRH:4
end_of_record
TN:
SF:src/context/context.js
FNF:0
FNH:0
DA:3,1
LF:1
LH:1
BRF:0
BRH:0
end_of_record
TN:
SF:src/tests/DataMock.js
FNF:0
FNH:0
DA:1,1
LF:1
LH:1
BRF:0
BRH:0
end_of_record
